mode: set
github.com/user/library-api/internal/openlibrary/client.go:22.39,27.2 1 0
github.com/user/library-api/internal/openlibrary/client.go:29.63,38.16 7 0
github.com/user/library-api/internal/openlibrary/client.go:38.16,40.3 1 0
github.com/user/library-api/internal/openlibrary/client.go:41.2,43.38 2 0
github.com/user/library-api/internal/openlibrary/client.go:43.38,46.3 2 0
github.com/user/library-api/internal/openlibrary/client.go:48.2,49.64 2 0
github.com/user/library-api/internal/openlibrary/client.go:49.64,51.3 1 0
github.com/user/library-api/internal/openlibrary/client.go:53.2,55.9 3 0
github.com/user/library-api/internal/openlibrary/client.go:55.9,57.3 1 0
github.com/user/library-api/internal/openlibrary/client.go:59.2,59.18 1 0
github.com/user/library-api/internal/openlibrary/client.go:62.82,70.16 6 0
github.com/user/library-api/internal/openlibrary/client.go:70.16,72.3 1 0
github.com/user/library-api/internal/openlibrary/client.go:73.2,75.38 2 0
github.com/user/library-api/internal/openlibrary/client.go:75.38,78.3 2 0
github.com/user/library-api/internal/openlibrary/client.go:80.2,81.67 2 0
github.com/user/library-api/internal/openlibrary/client.go:81.67,83.3 1 0
github.com/user/library-api/internal/openlibrary/client.go:85.2,85.21 1 0
github.com/user/library-api/internal/openlibrary/client.go:88.65,92.16 3 0
github.com/user/library-api/internal/openlibrary/client.go:92.16,94.3 1 0
github.com/user/library-api/internal/openlibrary/client.go:95.2,97.38 2 0
github.com/user/library-api/internal/openlibrary/client.go:97.38,100.3 2 0
github.com/user/library-api/internal/openlibrary/client.go:102.2,103.67 2 0
github.com/user/library-api/internal/openlibrary/client.go:103.67,105.3 1 0
github.com/user/library-api/internal/openlibrary/client.go:107.2,107.21 1 0
github.com/user/library-api/internal/config/config.go:15.21,23.2 2 0
github.com/user/library-api/internal/config/config.go:25.42,26.34 1 0
github.com/user/library-api/internal/config/config.go:26.34,28.3 1 0
github.com/user/library-api/internal/config/config.go:29.2,29.17 1 0
github.com/user/library-api/cmd/server/main.go:17.13,22.16 4 0
github.com/user/library-api/cmd/server/main.go:22.16,24.3 1 0
github.com/user/library-api/cmd/server/main.go:25.2,44.63 9 0
github.com/user/library-api/cmd/server/main.go:44.63,46.3 1 0
github.com/user/library-api/internal/db/authors.sql.go:25.93,36.2 4 0
github.com/user/library-api/internal/db/authors.sql.go:43.69,46.2 2 0
github.com/user/library-api/internal/db/authors.sql.go:54.76,65.2 4 0
github.com/user/library-api/internal/db/authors.sql.go:73.70,75.16 2 0
github.com/user/library-api/internal/db/authors.sql.go:75.16,77.3 1 0
github.com/user/library-api/internal/db/authors.sql.go:78.2,80.18 3 0
github.com/user/library-api/internal/db/authors.sql.go:80.18,88.17 2 0
github.com/user/library-api/internal/db/authors.sql.go:88.17,90.4 1 0
github.com/user/library-api/internal/db/authors.sql.go:91.3,91.27 1 0
github.com/user/library-api/internal/db/authors.sql.go:93.2,93.35 1 0
github.com/user/library-api/internal/db/authors.sql.go:93.35,95.3 1 0
github.com/user/library-api/internal/db/authors.sql.go:96.2,96.19 1 0
github.com/user/library-api/internal/db/authors.sql.go:114.93,125.2 4 0
github.com/user/library-api/internal/db/books.sql.go:32.87,60.2 4 0
github.com/user/library-api/internal/db/books.sql.go:67.67,70.2 2 0
github.com/user/library-api/internal/db/books.sql.go:78.72,96.2 4 0
github.com/user/library-api/internal/db/books.sql.go:104.86,122.2 4 0
github.com/user/library-api/internal/db/books.sql.go:137.87,139.16 2 0
github.com/user/library-api/internal/db/books.sql.go:139.16,141.3 1 0
github.com/user/library-api/internal/db/books.sql.go:142.2,144.18 3 0
github.com/user/library-api/internal/db/books.sql.go:144.18,159.17 2 0
github.com/user/library-api/internal/db/books.sql.go:159.17,161.4 1 0
github.com/user/library-api/internal/db/books.sql.go:162.3,162.27 1 0
github.com/user/library-api/internal/db/books.sql.go:164.2,164.35 1 0
github.com/user/library-api/internal/db/books.sql.go:164.35,166.3 1 0
github.com/user/library-api/internal/db/books.sql.go:167.2,167.19 1 0
github.com/user/library-api/internal/db/books.sql.go:178.76,196.2 4 0
github.com/user/library-api/internal/db/books.sql.go:221.87,247.2 4 0
github.com/user/library-api/internal/db/db.go:20.28,22.2 1 0
github.com/user/library-api/internal/db/db.go:28.46,32.2 1 0
github.com/user/library-api/internal/db/series.sql.go:26.103,31.2 4 0
github.com/user/library-api/internal/db/series.sql.go:44.93,55.2 4 0
github.com/user/library-api/internal/db/series.sql.go:62.69,65.2 2 0
github.com/user/library-api/internal/db/series.sql.go:76.88,78.16 2 0
github.com/user/library-api/internal/db/series.sql.go:78.16,80.3 1 0
github.com/user/library-api/internal/db/series.sql.go:81.2,83.18 3 0
github.com/user/library-api/internal/db/series.sql.go:83.18,98.17 2 0
github.com/user/library-api/internal/db/series.sql.go:98.17,100.4 1 0
github.com/user/library-api/internal/db/series.sql.go:101.3,101.27 1 0
github.com/user/library-api/internal/db/series.sql.go:103.2,103.35 1 0
github.com/user/library-api/internal/db/series.sql.go:103.35,105.3 1 0
github.com/user/library-api/internal/db/series.sql.go:106.2,106.19 1 0
github.com/user/library-api/internal/db/series.sql.go:115.76,126.2 4 0
github.com/user/library-api/internal/db/series.sql.go:157.100,159.16 2 0
github.com/user/library-api/internal/db/series.sql.go:159.16,161.3 1 0
github.com/user/library-api/internal/db/series.sql.go:162.2,164.18 3 0
github.com/user/library-api/internal/db/series.sql.go:164.18,182.17 2 0
github.com/user/library-api/internal/db/series.sql.go:182.17,184.4 1 0
github.com/user/library-api/internal/db/series.sql.go:185.3,185.27 1 0
github.com/user/library-api/internal/db/series.sql.go:187.2,187.35 1 0
github.com/user/library-api/internal/db/series.sql.go:187.35,189.3 1 0
github.com/user/library-api/internal/db/series.sql.go:190.2,190.19 1 0
github.com/user/library-api/internal/db/series.sql.go:199.69,201.16 2 0
github.com/user/library-api/internal/db/series.sql.go:201.16,203.3 1 0
github.com/user/library-api/internal/db/series.sql.go:204.2,206.18 3 0
github.com/user/library-api/internal/db/series.sql.go:206.18,214.17 2 0
github.com/user/library-api/internal/db/series.sql.go:214.17,216.4 1 0
github.com/user/library-api/internal/db/series.sql.go:217.3,217.27 1 0
github.com/user/library-api/internal/db/series.sql.go:219.2,219.35 1 0
github.com/user/library-api/internal/db/series.sql.go:219.35,221.3 1 0
github.com/user/library-api/internal/db/series.sql.go:222.2,222.19 1 0
github.com/user/library-api/internal/db/series.sql.go:235.99,238.2 2 0
github.com/user/library-api/internal/db/series.sql.go:255.93,266.2 4 0
github.com/user/library-api/internal/db/store.go:14.72,16.16 2 0
github.com/user/library-api/internal/db/store.go:16.16,18.3 1 0
github.com/user/library-api/internal/db/store.go:20.2,20.39 1 0
github.com/user/library-api/internal/db/store.go:20.39,22.3 1 0
github.com/user/library-api/internal/db/store.go:24.2,27.8 1 0
github.com/user/library-api/internal/db/store.go:30.25,32.2 1 0
github.com/user/library-api/internal/db/tags.sql.go:22.83,25.2 2 0
github.com/user/library-api/internal/db/tags.sql.go:33.76,38.2 4 0
github.com/user/library-api/internal/db/tags.sql.go:48.81,50.16 2 0
github.com/user/library-api/internal/db/tags.sql.go:50.16,52.3 1 0
github.com/user/library-api/internal/db/tags.sql.go:53.2,55.18 3 0
github.com/user/library-api/internal/db/tags.sql.go:55.18,57.51 2 0
github.com/user/library-api/internal/db/tags.sql.go:57.51,59.4 1 0
github.com/user/library-api/internal/db/tags.sql.go:60.3,60.27 1 0
github.com/user/library-api/internal/db/tags.sql.go:62.2,62.35 1 0
github.com/user/library-api/internal/db/tags.sql.go:62.35,64.3 1 0
github.com/user/library-api/internal/db/tags.sql.go:65.2,65.19 1 0
github.com/user/library-api/internal/db/tags.sql.go:74.70,79.2 4 0
github.com/user/library-api/internal/db/tags.sql.go:87.64,89.16 2 0
github.com/user/library-api/internal/db/tags.sql.go:89.16,91.3 1 0
github.com/user/library-api/internal/db/tags.sql.go:92.2,94.18 3 0
github.com/user/library-api/internal/db/tags.sql.go:94.18,96.51 2 0
github.com/user/library-api/internal/db/tags.sql.go:96.51,98.4 1 0
github.com/user/library-api/internal/db/tags.sql.go:99.3,99.27 1 0
github.com/user/library-api/internal/db/tags.sql.go:101.2,101.35 1 0
github.com/user/library-api/internal/db/tags.sql.go:101.35,103.3 1 0
github.com/user/library-api/internal/db/tags.sql.go:104.2,104.19 1 0
github.com/user/library-api/internal/db/tags.sql.go:117.93,120.2 2 0
github.com/user/library-api/internal/graphql/generated.go:24.63,26.2 1 0
github.com/user/library-api/internal/graphql/generated.go:166.49,167.25 1 0
github.com/user/library-api/internal/graphql/generated.go:167.25,169.3 1 0
github.com/user/library-api/internal/graphql/generated.go:170.2,170.21 1 0
github.com/user/library-api/internal/graphql/generated.go:173.141,176.32 3 0
github.com/user/library-api/internal/graphql/generated.go:178.20,179.41 1 0
github.com/user/library-api/internal/graphql/generated.go:179.41,180.9 1 0
github.com/user/library-api/internal/graphql/generated.go:183.3,183.60 1 0
github.com/user/library-api/internal/graphql/generated.go:184.22,185.43 1 0
github.com/user/library-api/internal/graphql/generated.go:185.43,186.9 1 0
github.com/user/library-api/internal/graphql/generated.go:189.3,189.62 1 0
github.com/user/library-api/internal/graphql/generated.go:190.19,191.40 1 0
github.com/user/library-api/internal/graphql/generated.go:191.40,192.9 1 0
github.com/user/library-api/internal/graphql/generated.go:195.3,195.59 1 0
github.com/user/library-api/internal/graphql/generated.go:196.21,197.42 1 0
github.com/user/library-api/internal/graphql/generated.go:197.42,198.9 1 0
github.com/user/library-api/internal/graphql/generated.go:201.3,201.61 1 0
github.com/user/library-api/internal/graphql/generated.go:202.23,203.44 1 0
github.com/user/library-api/internal/graphql/generated.go:203.44,204.9 1 0
github.com/user/library-api/internal/graphql/generated.go:207.3,207.63 1 0
github.com/user/library-api/internal/graphql/generated.go:209.21,210.42 1 0
github.com/user/library-api/internal/graphql/generated.go:210.42,211.9 1 0
github.com/user/library-api/internal/graphql/generated.go:214.3,214.61 1 0
github.com/user/library-api/internal/graphql/generated.go:215.23,216.44 1 0
github.com/user/library-api/internal/graphql/generated.go:216.44,217.9 1 0
github.com/user/library-api/internal/graphql/generated.go:220.3,220.63 1 0
github.com/user/library-api/internal/graphql/generated.go:221.26,222.47 1 0
github.com/user/library-api/internal/graphql/generated.go:222.47,223.9 1 0
github.com/user/library-api/internal/graphql/generated.go:226.3,226.66 1 0
github.com/user/library-api/internal/graphql/generated.go:227.17,228.38 1 0
github.com/user/library-api/internal/graphql/generated.go:228.38,229.9 1 0
github.com/user/library-api/internal/graphql/generated.go:232.3,232.57 1 0
github.com/user/library-api/internal/graphql/generated.go:233.19,234.40 1 0
github.com/user/library-api/internal/graphql/generated.go:234.40,235.9 1 0
github.com/user/library-api/internal/graphql/generated.go:238.3,238.59 1 0
github.com/user/library-api/internal/graphql/generated.go:239.21,240.42 1 0
github.com/user/library-api/internal/graphql/generated.go:240.42,241.9 1 0
github.com/user/library-api/internal/graphql/generated.go:244.3,244.61 1 0
github.com/user/library-api/internal/graphql/generated.go:245.20,246.41 1 0
github.com/user/library-api/internal/graphql/generated.go:246.41,247.9 1 0
github.com/user/library-api/internal/graphql/generated.go:250.3,250.60 1 0
github.com/user/library-api/internal/graphql/generated.go:251.24,252.45 1 0
github.com/user/library-api/internal/graphql/generated.go:252.45,253.9 1 0
github.com/user/library-api/internal/graphql/generated.go:256.3,256.64 1 0
github.com/user/library-api/internal/graphql/generated.go:257.28,258.49 1 0
github.com/user/library-api/internal/graphql/generated.go:258.49,259.9 1 0
github.com/user/library-api/internal/graphql/generated.go:262.3,262.68 1 0
github.com/user/library-api/internal/graphql/generated.go:263.21,264.42 1 0
github.com/user/library-api/internal/graphql/generated.go:264.42,265.9 1 0
github.com/user/library-api/internal/graphql/generated.go:268.3,268.61 1 0
github.com/user/library-api/internal/graphql/generated.go:269.19,270.40 1 0
github.com/user/library-api/internal/graphql/generated.go:270.40,271.9 1 0
github.com/user/library-api/internal/graphql/generated.go:274.3,274.59 1 0
github.com/user/library-api/internal/graphql/generated.go:275.20,276.41 1 0
github.com/user/library-api/internal/graphql/generated.go:276.41,277.9 1 0
github.com/user/library-api/internal/graphql/generated.go:280.3,280.60 1 0
github.com/user/library-api/internal/graphql/generated.go:282.33,283.54 1 0
github.com/user/library-api/internal/graphql/generated.go:283.54,284.9 1 0
github.com/user/library-api/internal/graphql/generated.go:287.3,287.73 1 0
github.com/user/library-api/internal/graphql/generated.go:288.30,289.51 1 0
github.com/user/library-api/internal/graphql/generated.go:289.51,290.9 1 0
github.com/user/library-api/internal/graphql/generated.go:293.3,293.70 1 0
github.com/user/library-api/internal/graphql/generated.go:294.39,295.60 1 0
github.com/user/library-api/internal/graphql/generated.go:295.60,296.9 1 0
github.com/user/library-api/internal/graphql/generated.go:299.3,299.79 1 0
github.com/user/library-api/internal/graphql/generated.go:300.27,301.48 1 0
github.com/user/library-api/internal/graphql/generated.go:301.48,302.9 1 0
github.com/user/library-api/internal/graphql/generated.go:305.3,305.67 1 0
github.com/user/library-api/internal/graphql/generated.go:306.26,307.47 1 0
github.com/user/library-api/internal/graphql/generated.go:307.47,308.9 1 0
github.com/user/library-api/internal/graphql/generated.go:311.3,311.66 1 0
github.com/user/library-api/internal/graphql/generated.go:312.28,313.49 1 0
github.com/user/library-api/internal/graphql/generated.go:313.49,314.9 1 0
github.com/user/library-api/internal/graphql/generated.go:317.3,317.68 1 0
github.com/user/library-api/internal/graphql/generated.go:319.34,320.55 1 0
github.com/user/library-api/internal/graphql/generated.go:320.55,321.9 1 0
github.com/user/library-api/internal/graphql/generated.go:324.3,325.17 2 0
github.com/user/library-api/internal/graphql/generated.go:325.17,327.4 1 0
github.com/user/library-api/internal/graphql/generated.go:329.3,329.144 1 0
github.com/user/library-api/internal/graphql/generated.go:330.31,331.52 1 0
github.com/user/library-api/internal/graphql/generated.go:331.52,332.9 1 0
github.com/user/library-api/internal/graphql/generated.go:335.3,336.17 2 0
github.com/user/library-api/internal/graphql/generated.go:336.17,338.4 1 0
github.com/user/library-api/internal/graphql/generated.go:340.3,340.114 1 0
github.com/user/library-api/internal/graphql/generated.go:341.31,342.52 1 0
github.com/user/library-api/internal/graphql/generated.go:342.52,343.9 1 0
github.com/user/library-api/internal/graphql/generated.go:346.3,347.17 2 0
github.com/user/library-api/internal/graphql/generated.go:347.17,349.4 1 0
github.com/user/library-api/internal/graphql/generated.go:351.3,351.106 1 0
github.com/user/library-api/internal/graphql/generated.go:352.29,353.50 1 0
github.com/user/library-api/internal/graphql/generated.go:353.50,354.9 1 0
github.com/user/library-api/internal/graphql/generated.go:357.3,358.17 2 0
github.com/user/library-api/internal/graphql/generated.go:358.17,360.4 1 0
github.com/user/library-api/internal/graphql/generated.go:362.3,362.102 1 0
github.com/user/library-api/internal/graphql/generated.go:363.31,364.52 1 0
github.com/user/library-api/internal/graphql/generated.go:364.52,365.9 1 0
github.com/user/library-api/internal/graphql/generated.go:368.3,369.17 2 0
github.com/user/library-api/internal/graphql/generated.go:369.17,371.4 1 0
github.com/user/library-api/internal/graphql/generated.go:373.3,373.106 1 0
github.com/user/library-api/internal/graphql/generated.go:374.28,375.49 1 0
github.com/user/library-api/internal/graphql/generated.go:375.49,376.9 1 0
github.com/user/library-api/internal/graphql/generated.go:379.3,380.17 2 0
github.com/user/library-api/internal/graphql/generated.go:380.17,382.4 1 0
github.com/user/library-api/internal/graphql/generated.go:384.3,384.91 1 0
github.com/user/library-api/internal/graphql/generated.go:385.31,386.52 1 0
github.com/user/library-api/internal/graphql/generated.go:386.52,387.9 1 0
github.com/user/library-api/internal/graphql/generated.go:390.3,391.17 2 0
github.com/user/library-api/internal/graphql/generated.go:391.17,393.4 1 0
github.com/user/library-api/internal/graphql/generated.go:395.3,395.89 1 0
github.com/user/library-api/internal/graphql/generated.go:396.29,397.50 1 0
github.com/user/library-api/internal/graphql/generated.go:397.50,398.9 1 0
github.com/user/library-api/internal/graphql/generated.go:401.3,402.17 2 0
github.com/user/library-api/internal/graphql/generated.go:402.17,404.4 1 0
github.com/user/library-api/internal/graphql/generated.go:406.3,406.87 1 0
github.com/user/library-api/internal/graphql/generated.go:407.31,408.52 1 0
github.com/user/library-api/internal/graphql/generated.go:408.52,409.9 1 0
github.com/user/library-api/internal/graphql/generated.go:412.3,413.17 2 0
github.com/user/library-api/internal/graphql/generated.go:413.17,415.4 1 0
github.com/user/library-api/internal/graphql/generated.go:417.3,417.89 1 0
github.com/user/library-api/internal/graphql/generated.go:418.39,419.60 1 0
github.com/user/library-api/internal/graphql/generated.go:419.60,420.9 1 0
github.com/user/library-api/internal/graphql/generated.go:423.3,424.17 2 0
github.com/user/library-api/internal/graphql/generated.go:424.17,426.4 1 0
github.com/user/library-api/internal/graphql/generated.go:428.3,428.125 1 0
github.com/user/library-api/internal/graphql/generated.go:429.36,430.57 1 0
github.com/user/library-api/internal/graphql/generated.go:430.57,431.9 1 0
github.com/user/library-api/internal/graphql/generated.go:434.3,435.17 2 0
github.com/user/library-api/internal/graphql/generated.go:435.17,437.4 1 0
github.com/user/library-api/internal/graphql/generated.go:439.3,439.119 1 0
github.com/user/library-api/internal/graphql/generated.go:440.33,441.54 1 0
github.com/user/library-api/internal/graphql/generated.go:441.54,442.9 1 0
github.com/user/library-api/internal/graphql/generated.go:445.3,446.17 2 0
github.com/user/library-api/internal/graphql/generated.go:446.17,448.4 1 0
github.com/user/library-api/internal/graphql/generated.go:450.3,450.96 1 0
github.com/user/library-api/internal/graphql/generated.go:451.30,452.51 1 0
github.com/user/library-api/internal/graphql/generated.go:452.51,453.9 1 0
github.com/user/library-api/internal/graphql/generated.go:456.3,457.17 2 0
github.com/user/library-api/internal/graphql/generated.go:457.17,459.4 1 0
github.com/user/library-api/internal/graphql/generated.go:461.3,461.88 1 0
github.com/user/library-api/internal/graphql/generated.go:462.31,463.52 1 0
github.com/user/library-api/internal/graphql/generated.go:463.52,464.9 1 0
github.com/user/library-api/internal/graphql/generated.go:467.3,468.17 2 0
github.com/user/library-api/internal/graphql/generated.go:468.17,470.4 1 0
github.com/user/library-api/internal/graphql/generated.go:472.3,472.124 1 0
github.com/user/library-api/internal/graphql/generated.go:473.29,474.50 1 0
github.com/user/library-api/internal/graphql/generated.go:474.50,475.9 1 0
github.com/user/library-api/internal/graphql/generated.go:478.3,479.17 2 0
github.com/user/library-api/internal/graphql/generated.go:479.17,481.4 1 0
github.com/user/library-api/internal/graphql/generated.go:483.3,483.120 1 0
github.com/user/library-api/internal/graphql/generated.go:484.31,485.52 1 0
github.com/user/library-api/internal/graphql/generated.go:485.52,486.9 1 0
github.com/user/library-api/internal/graphql/generated.go:489.3,490.17 2 0
github.com/user/library-api/internal/graphql/generated.go:490.17,492.4 1 0
github.com/user/library-api/internal/graphql/generated.go:494.3,494.124 1 0
github.com/user/library-api/internal/graphql/generated.go:496.22,497.43 1 0
github.com/user/library-api/internal/graphql/generated.go:497.43,498.9 1 0
github.com/user/library-api/internal/graphql/generated.go:501.3,502.17 2 0
github.com/user/library-api/internal/graphql/generated.go:502.17,504.4 1 0
github.com/user/library-api/internal/graphql/generated.go:506.3,506.80 1 0
github.com/user/library-api/internal/graphql/generated.go:507.23,508.44 1 0
github.com/user/library-api/internal/graphql/generated.go:508.44,509.9 1 0
github.com/user/library-api/internal/graphql/generated.go:512.3,512.63 1 0
github.com/user/library-api/internal/graphql/generated.go:513.20,514.41 1 0
github.com/user/library-api/internal/graphql/generated.go:514.41,515.9 1 0
github.com/user/library-api/internal/graphql/generated.go:518.3,519.17 2 0
github.com/user/library-api/internal/graphql/generated.go:519.17,521.4 1 0
github.com/user/library-api/internal/graphql/generated.go:523.3,523.78 1 0
github.com/user/library-api/internal/graphql/generated.go:524.21,525.42 1 0
github.com/user/library-api/internal/graphql/generated.go:525.42,526.9 1 0
github.com/user/library-api/internal/graphql/generated.go:529.3,530.17 2 0
github.com/user/library-api/internal/graphql/generated.go:530.17,532.4 1 0
github.com/user/library-api/internal/graphql/generated.go:534.3,534.131 1 0
github.com/user/library-api/internal/graphql/generated.go:536.28,537.49 1 0
github.com/user/library-api/internal/graphql/generated.go:537.49,538.9 1 0
github.com/user/library-api/internal/graphql/generated.go:541.3,542.17 2 0
github.com/user/library-api/internal/graphql/generated.go:542.17,544.4 1 0
github.com/user/library-api/internal/graphql/generated.go:546.3,546.91 1 0
github.com/user/library-api/internal/graphql/generated.go:547.33,548.54 1 0
github.com/user/library-api/internal/graphql/generated.go:548.54,549.9 1 0
github.com/user/library-api/internal/graphql/generated.go:552.3,553.17 2 0
github.com/user/library-api/internal/graphql/generated.go:553.17,555.4 1 0
github.com/user/library-api/internal/graphql/generated.go:557.3,557.119 1 0
github.com/user/library-api/internal/graphql/generated.go:558.22,559.43 1 0
github.com/user/library-api/internal/graphql/generated.go:559.43,560.9 1 0
github.com/user/library-api/internal/graphql/generated.go:563.3,563.62 1 0
github.com/user/library-api/internal/graphql/generated.go:564.26,565.47 1 0
github.com/user/library-api/internal/graphql/generated.go:565.47,566.9 1 0
github.com/user/library-api/internal/graphql/generated.go:569.3,570.17 2 0
github.com/user/library-api/internal/graphql/generated.go:570.17,572.4 1 0
github.com/user/library-api/internal/graphql/generated.go:574.3,574.84 1 0
github.com/user/library-api/internal/graphql/generated.go:575.34,576.55 1 0
github.com/user/library-api/internal/graphql/generated.go:576.55,577.9 1 0
github.com/user/library-api/internal/graphql/generated.go:580.3,581.17 2 0
github.com/user/library-api/internal/graphql/generated.go:581.17,583.4 1 0
github.com/user/library-api/internal/graphql/generated.go:585.3,585.98 1 0
github.com/user/library-api/internal/graphql/generated.go:586.28,587.49 1 0
github.com/user/library-api/internal/graphql/generated.go:587.49,588.9 1 0
github.com/user/library-api/internal/graphql/generated.go:591.3,592.17 2 0
github.com/user/library-api/internal/graphql/generated.go:592.17,594.4 1 0
github.com/user/library-api/internal/graphql/generated.go:596.3,596.112 1 0
github.com/user/library-api/internal/graphql/generated.go:597.29,598.50 1 0
github.com/user/library-api/internal/graphql/generated.go:598.50,599.9 1 0
github.com/user/library-api/internal/graphql/generated.go:602.3,603.17 2 0
github.com/user/library-api/internal/graphql/generated.go:603.17,605.4 1 0
github.com/user/library-api/internal/graphql/generated.go:607.3,607.115 1 0
github.com/user/library-api/internal/graphql/generated.go:608.20,609.41 1 0
github.com/user/library-api/internal/graphql/generated.go:609.41,610.9 1 0
github.com/user/library-api/internal/graphql/generated.go:613.3,613.60 1 0
github.com/user/library-api/internal/graphql/generated.go:615.34,616.55 1 0
github.com/user/library-api/internal/graphql/generated.go:616.55,617.9 1 0
github.com/user/library-api/internal/graphql/generated.go:620.3,620.74 1 0
github.com/user/library-api/internal/graphql/generated.go:621.25,622.46 1 0
github.com/user/library-api/internal/graphql/generated.go:622.46,623.9 1 0
github.com/user/library-api/internal/graphql/generated.go:626.3,626.65 1 0
github.com/user/library-api/internal/graphql/generated.go:627.29,628.50 1 0
github.com/user/library-api/internal/graphql/generated.go:628.50,629.9 1 0
github.com/user/library-api/internal/graphql/generated.go:632.3,632.69 1 0
github.com/user/library-api/internal/graphql/generated.go:634.22,635.43 1 0
github.com/user/library-api/internal/graphql/generated.go:635.43,636.9 1 0
github.com/user/library-api/internal/graphql/generated.go:639.3,639.62 1 0
github.com/user/library-api/internal/graphql/generated.go:640.28,641.49 1 0
github.com/user/library-api/internal/graphql/generated.go:641.49,642.9 1 0
github.com/user/library-api/internal/graphql/generated.go:645.3,645.68 1 0
github.com/user/library-api/internal/graphql/generated.go:646.19,647.40 1 0
github.com/user/library-api/internal/graphql/generated.go:647.40,648.9 1 0
github.com/user/library-api/internal/graphql/generated.go:651.3,651.59 1 0
github.com/user/library-api/internal/graphql/generated.go:652.29,653.50 1 0
github.com/user/library-api/internal/graphql/generated.go:653.50,654.9 1 0
github.com/user/library-api/internal/graphql/generated.go:657.3,657.69 1 0
github.com/user/library-api/internal/graphql/generated.go:658.21,659.42 1 0
github.com/user/library-api/internal/graphql/generated.go:659.42,660.9 1 0
github.com/user/library-api/internal/graphql/generated.go:663.3,663.61 1 0
github.com/user/library-api/internal/graphql/generated.go:665.25,666.46 1 0
github.com/user/library-api/internal/graphql/generated.go:666.46,667.9 1 0
github.com/user/library-api/internal/graphql/generated.go:670.3,670.65 1 0
github.com/user/library-api/internal/graphql/generated.go:671.29,672.50 1 0
github.com/user/library-api/internal/graphql/generated.go:672.50,673.9 1 0
github.com/user/library-api/internal/graphql/generated.go:676.3,676.69 1 0
github.com/user/library-api/internal/graphql/generated.go:677.27,678.48 1 0
github.com/user/library-api/internal/graphql/generated.go:678.48,679.9 1 0
github.com/user/library-api/internal/graphql/generated.go:682.3,682.67 1 0
github.com/user/library-api/internal/graphql/generated.go:684.16,685.37 1 0
github.com/user/library-api/internal/graphql/generated.go:685.37,686.9 1 0
github.com/user/library-api/internal/graphql/generated.go:689.3,689.56 1 0
github.com/user/library-api/internal/graphql/generated.go:690.18,691.39 1 0
github.com/user/library-api/internal/graphql/generated.go:691.39,692.9 1 0
github.com/user/library-api/internal/graphql/generated.go:695.3,695.58 1 0
github.com/user/library-api/internal/graphql/generated.go:698.2,698.17 1 0
github.com/user/library-api/internal/graphql/generated.go:701.78,714.35 5 0
github.com/user/library-api/internal/graphql/generated.go:715.17,716.54 1 0
github.com/user/library-api/internal/graphql/generated.go:716.54,719.13 3 0
github.com/user/library-api/internal/graphql/generated.go:719.13,723.5 3 0
github.com/user/library-api/internal/graphql/generated.go:723.10,724.50 1 0
github.com/user/library-api/internal/graphql/generated.go:724.50,731.6 6 0
github.com/user/library-api/internal/graphql/generated.go:731.11,733.6 1 0
github.com/user/library-api/internal/graphql/generated.go:735.4,738.42 4 0
github.com/user/library-api/internal/graphql/generated.go:738.42,741.5 2 0
github.com/user/library-api/internal/graphql/generated.go:743.4,743.20 1 0
github.com/user/library-api/internal/graphql/generated.go:745.20,746.54 1 0
github.com/user/library-api/internal/graphql/generated.go:746.54,747.14 1 0
github.com/user/library-api/internal/graphql/generated.go:747.14,749.5 1 0
github.com/user/library-api/internal/graphql/generated.go:750.4,758.5 6 0
github.com/user/library-api/internal/graphql/generated.go:761.10,762.86 1 0
github.com/user/library-api/internal/graphql/generated.go:774.21,783.2 1 0
github.com/user/library-api/internal/graphql/generated.go:926.130,927.20 1 0
github.com/user/library-api/internal/graphql/generated.go:928.12,929.47 1 0
github.com/user/library-api/internal/graphql/generated.go:930.14,931.49 1 0
github.com/user/library-api/internal/graphql/generated.go:932.13,933.48 1 0
github.com/user/library-api/internal/graphql/generated.go:934.15,935.50 1 0
github.com/user/library-api/internal/graphql/generated.go:936.16,937.51 1 0
github.com/user/library-api/internal/graphql/generated.go:939.2,939.85 1 0
github.com/user/library-api/internal/graphql/generated.go:942.128,943.20 1 0
github.com/user/library-api/internal/graphql/generated.go:944.12,945.45 1 0
github.com/user/library-api/internal/graphql/generated.go:946.15,947.48 1 0
github.com/user/library-api/internal/graphql/generated.go:948.14,949.47 1 0
github.com/user/library-api/internal/graphql/generated.go:950.16,951.49 1 0
github.com/user/library-api/internal/graphql/generated.go:952.23,953.56 1 0
github.com/user/library-api/internal/graphql/generated.go:954.19,955.52 1 0
github.com/user/library-api/internal/graphql/generated.go:956.21,957.54 1 0
github.com/user/library-api/internal/graphql/generated.go:958.18,959.51 1 0
github.com/user/library-api/internal/graphql/generated.go:960.15,961.48 1 0
github.com/user/library-api/internal/graphql/generated.go:962.16,963.49 1 0
github.com/user/library-api/internal/graphql/generated.go:964.16,965.49 1 0
github.com/user/library-api/internal/graphql/generated.go:966.14,967.47 1 0
github.com/user/library-api/internal/graphql/generated.go:969.2,969.83 1 0
github.com/user/library-api/internal/graphql/generated.go:972.136,973.20 1 0
github.com/user/library-api/internal/graphql/generated.go:974.15,975.56 1 0
github.com/user/library-api/internal/graphql/generated.go:976.20,977.61 1 0
github.com/user/library-api/internal/graphql/generated.go:978.14,979.55 1 0
github.com/user/library-api/internal/graphql/generated.go:980.26,981.67 1 0
github.com/user/library-api/internal/graphql/generated.go:982.17,983.58 1 0
github.com/user/library-api/internal/graphql/generated.go:984.13,985.54 1 0
github.com/user/library-api/internal/graphql/generated.go:987.2,987.91 1 0
github.com/user/library-api/internal/graphql/generated.go:990.134,991.20 1 0
github.com/user/library-api/internal/graphql/generated.go:992.14,993.53 1 0
github.com/user/library-api/internal/graphql/generated.go:994.18,995.57 1 0
github.com/user/library-api/internal/graphql/generated.go:996.23,997.62 1 0
github.com/user/library-api/internal/graphql/generated.go:999.2,999.89 1 0
github.com/user/library-api/internal/graphql/generated.go:1002.130,1003.20 1 0
github.com/user/library-api/internal/graphql/generated.go:1004.12,1005.47 1 0
github.com/user/library-api/internal/graphql/generated.go:1006.14,1007.49 1 0
github.com/user/library-api/internal/graphql/generated.go:1008.21,1009.56 1 0
github.com/user/library-api/internal/graphql/generated.go:1010.15,1011.50 1 0
github.com/user/library-api/internal/graphql/generated.go:1012.22,1013.57 1 0
github.com/user/library-api/internal/graphql/generated.go:1015.2,1015.85 1 0
github.com/user/library-api/internal/graphql/generated.go:1018.134,1019.20 1 0
github.com/user/library-api/internal/graphql/generated.go:1020.14,1021.53 1 0
github.com/user/library-api/internal/graphql/generated.go:1022.16,1023.55 1 0
github.com/user/library-api/internal/graphql/generated.go:1024.18,1025.57 1 0
github.com/user/library-api/internal/graphql/generated.go:1027.2,1027.89 1 0
github.com/user/library-api/internal/graphql/generated.go:1030.127,1031.20 1 0
github.com/user/library-api/internal/graphql/generated.go:1032.12,1033.44 1 0
github.com/user/library-api/internal/graphql/generated.go:1034.14,1035.46 1 0
github.com/user/library-api/internal/graphql/generated.go:1037.2,1037.82 1 0
github.com/user/library-api/internal/graphql/generated.go:1040.135,1041.20 1 0
github.com/user/library-api/internal/graphql/generated.go:1042.14,1043.54 1 0
github.com/user/library-api/internal/graphql/generated.go:1044.21,1045.61 1 0
github.com/user/library-api/internal/graphql/generated.go:1046.22,1047.62 1 0
github.com/user/library-api/internal/graphql/generated.go:1048.19,1049.59 1 0
github.com/user/library-api/internal/graphql/generated.go:1050.14,1051.54 1 0
github.com/user/library-api/internal/graphql/generated.go:1053.2,1053.90 1 0
github.com/user/library-api/internal/graphql/generated.go:1056.135,1057.20 1 0
github.com/user/library-api/internal/graphql/generated.go:1058.14,1059.54 1 0
github.com/user/library-api/internal/graphql/generated.go:1060.21,1061.61 1 0
github.com/user/library-api/internal/graphql/generated.go:1062.22,1063.62 1 0
github.com/user/library-api/internal/graphql/generated.go:1064.27,1065.67 1 0
github.com/user/library-api/internal/graphql/generated.go:1067.2,1067.90 1 0
github.com/user/library-api/internal/graphql/generated.go:1070.131,1071.20 1 0
github.com/user/library-api/internal/graphql/generated.go:1072.14,1073.50 1 0
github.com/user/library-api/internal/graphql/generated.go:1074.21,1075.57 1 0
github.com/user/library-api/internal/graphql/generated.go:1076.14,1077.50 1 0
github.com/user/library-api/internal/graphql/generated.go:1078.14,1079.50 1 0
github.com/user/library-api/internal/graphql/generated.go:1080.22,1081.58 1 0
github.com/user/library-api/internal/graphql/generated.go:1082.27,1083.63 1 0
github.com/user/library-api/internal/graphql/generated.go:1085.2,1085.86 1 0
github.com/user/library-api/internal/graphql/generated.go:1088.136,1089.20 1 0
github.com/user/library-api/internal/graphql/generated.go:1090.14,1091.55 1 0
github.com/user/library-api/internal/graphql/generated.go:1092.21,1093.62 1 0
github.com/user/library-api/internal/graphql/generated.go:1094.14,1095.55 1 0
github.com/user/library-api/internal/graphql/generated.go:1096.22,1097.63 1 0
github.com/user/library-api/internal/graphql/generated.go:1098.22,1099.63 1 0
github.com/user/library-api/internal/graphql/generated.go:1100.27,1101.68 1 0
github.com/user/library-api/internal/graphql/generated.go:1103.2,1103.91 1 0
github.com/user/library-api/internal/graphql/generated.go:1106.132,1107.20 1 0
github.com/user/library-api/internal/graphql/generated.go:1108.21,1109.58 1 0
github.com/user/library-api/internal/graphql/generated.go:1110.15,1111.52 1 0
github.com/user/library-api/internal/graphql/generated.go:1112.19,1113.56 1 0
github.com/user/library-api/internal/graphql/generated.go:1114.22,1115.59 1 0
github.com/user/library-api/internal/graphql/generated.go:1116.26,1117.63 1 0
github.com/user/library-api/internal/graphql/generated.go:1118.20,1119.57 1 0
github.com/user/library-api/internal/graphql/generated.go:1121.2,1121.87 1 0
github.com/user/library-api/internal/graphql/generated.go:1124.130,1125.20 1 0
github.com/user/library-api/internal/graphql/generated.go:1126.14,1127.49 1 0
github.com/user/library-api/internal/graphql/generated.go:1128.14,1129.49 1 0
github.com/user/library-api/internal/graphql/generated.go:1130.21,1131.56 1 0
github.com/user/library-api/internal/graphql/generated.go:1132.24,1133.59 1 0
github.com/user/library-api/internal/graphql/generated.go:1134.16,1135.51 1 0
github.com/user/library-api/internal/graphql/generated.go:1136.20,1137.55 1 0
github.com/user/library-api/internal/graphql/generated.go:1138.23,1139.58 1 0
github.com/user/library-api/internal/graphql/generated.go:1140.20,1141.55 1 0
github.com/user/library-api/internal/graphql/generated.go:1142.21,1143.56 1 0
github.com/user/library-api/internal/graphql/generated.go:1144.16,1145.51 1 0
github.com/user/library-api/internal/graphql/generated.go:1146.17,1147.52 1 0
github.com/user/library-api/internal/graphql/generated.go:1149.2,1149.85 1 0
github.com/user/library-api/internal/graphql/generated.go:1156.134,1160.49 3 0
github.com/user/library-api/internal/graphql/generated.go:1160.49,1162.4 1 0
github.com/user/library-api/internal/graphql/generated.go:1163.2,1163.16 1 0
github.com/user/library-api/internal/graphql/generated.go:1163.16,1165.3 1 0
github.com/user/library-api/internal/graphql/generated.go:1166.2,1168.49 2 0
github.com/user/library-api/internal/graphql/generated.go:1168.49,1170.4 1 0
github.com/user/library-api/internal/graphql/generated.go:1171.2,1171.16 1 0
github.com/user/library-api/internal/graphql/generated.go:1171.16,1173.3 1 0
github.com/user/library-api/internal/graphql/generated.go:1174.2,1176.49 2 0
github.com/user/library-api/internal/graphql/generated.go:1176.49,1178.4 1 0
github.com/user/library-api/internal/graphql/generated.go:1179.2,1179.16 1 0
github.com/user/library-api/internal/graphql/generated.go:1179.16,1181.3 1 0
github.com/user/library-api/internal/graphql/generated.go:1182.2,1183.18 2 0
github.com/user/library-api/internal/graphql/generated.go:1186.131,1190.49 3 0
github.com/user/library-api/internal/graphql/generated.go:1190.49,1192.4 1 0
github.com/user/library-api/internal/graphql/generated.go:1193.2,1193.16 1 0
github.com/user/library-api/internal/graphql/generated.go:1193.16,1195.3 1 0
github.com/user/library-api/internal/graphql/generated.go:1196.2,1198.49 2 0
github.com/user/library-api/internal/graphql/generated.go:1198.49,1200.4 1 0
github.com/user/library-api/internal/graphql/generated.go:1201.2,1201.16 1 0
github.com/user/library-api/internal/graphql/generated.go:1201.16,1203.3 1 0
github.com/user/library-api/internal/graphql/generated.go:1204.2,1205.18 2 0
github.com/user/library-api/internal/graphql/generated.go:1208.131,1212.63 3 0
github.com/user/library-api/internal/graphql/generated.go:1212.63,1214.4 1 0
github.com/user/library-api/internal/graphql/generated.go:1215.2,1215.16 1 0
github.com/user/library-api/internal/graphql/generated.go:1215.16,1217.3 1 0
github.com/user/library-api/internal/graphql/generated.go:1218.2,1219.18 2 0
github.com/user/library-api/internal/graphql/generated.go:1222.129,1226.61 3 0
github.com/user/library-api/internal/graphql/generated.go:1226.61,1228.4 1 0
github.com/user/library-api/internal/graphql/generated.go:1229.2,1229.16 1 0
github.com/user/library-api/internal/graphql/generated.go:1229.16,1231.3 1 0
github.com/user/library-api/internal/graphql/generated.go:1232.2,1233.18 2 0
github.com/user/library-api/internal/graphql/generated.go:1236.131,1240.63 3 0
github.com/user/library-api/internal/graphql/generated.go:1240.63,1242.4 1 0
github.com/user/library-api/internal/graphql/generated.go:1243.2,1243.16 1 0
github.com/user/library-api/internal/graphql/generated.go:1243.16,1245.3 1 0
github.com/user/library-api/internal/graphql/generated.go:1246.2,1247.18 2 0
github.com/user/library-api/internal/graphql/generated.go:1250.128,1254.52 3 0
github.com/user/library-api/internal/graphql/generated.go:1254.52,1256.4 1 0
github.com/user/library-api/internal/graphql/generated.go:1257.2,1257.16 1 0
github.com/user/library-api/internal/graphql/generated.go:1257.16,1259.3 1 0
github.com/user/library-api/internal/graphql/generated.go:1260.2,1261.18 2 0
github.com/user/library-api/internal/graphql/generated.go:1264.131,1268.49 3 0
github.com/user/library-api/internal/graphql/generated.go:1268.49,1270.4 1 0
github.com/user/library-api/internal/graphql/generated.go:1271.2,1271.16 1 0
github.com/user/library-api/internal/graphql/generated.go:1271.16,1273.3 1 0
github.com/user/library-api/internal/graphql/generated.go:1274.2,1275.18 2 0
github.com/user/library-api/internal/graphql/generated.go:1278.129,1282.49 3 0
github.com/user/library-api/internal/graphql/generated.go:1282.49,1284.4 1 0
github.com/user/library-api/internal/graphql/generated.go:1285.2,1285.16 1 0
github.com/user/library-api/internal/graphql/generated.go:1285.16,1287.3 1 0
github.com/user/library-api/internal/graphql/generated.go:1288.2,1289.18 2 0
github.com/user/library-api/internal/graphql/generated.go:1292.131,1296.49 3 0
github.com/user/library-api/internal/graphql/generated.go:1296.49,1298.4 1 0
github.com/user/library-api/internal/graphql/generated.go:1299.2,1299.16 1 0
github.com/user/library-api/internal/graphql/generated.go:1299.16,1301.3 1 0
github.com/user/library-api/internal/graphql/generated.go:1302.2,1303.18 2 0
github.com/user/library-api/internal/graphql/generated.go:1306.139,1310.49 3 0
github.com/user/library-api/internal/graphql/generated.go:1310.49,1312.4 1 0
github.com/user/library-api/internal/graphql/generated.go:1313.2,1313.16 1 0
github.com/user/library-api/internal/graphql/generated.go:1313.16,1315.3 1 0
github.com/user/library-api/internal/graphql/generated.go:1316.2,1318.49 2 0
github.com/user/library-api/internal/graphql/generated.go:1318.49,1320.4 1 0
github.com/user/library-api/internal/graphql/generated.go:1321.2,1321.16 1 0
github.com/user/library-api/internal/graphql/generated.go:1321.16,1323.3 1 0
github.com/user/library-api/internal/graphql/generated.go:1324.2,1325.18 2 0
github.com/user/library-api/internal/graphql/generated.go:1328.136,1332.49 3 0
github.com/user/library-api/internal/graphql/generated.go:1332.49,1334.4 1 0
github.com/user/library-api/internal/graphql/generated.go:1335.2,1335.16 1 0
github.com/user/library-api/internal/graphql/generated.go:1335.16,1337.3 1 0
github.com/user/library-api/internal/graphql/generated.go:1338.2,1340.49 2 0
github.com/user/library-api/internal/graphql/generated.go:1340.49,1342.4 1 0
github.com/user/library-api/internal/graphql/generated.go:1343.2,1343.16 1 0
github.com/user/library-api/internal/graphql/generated.go:1343.16,1345.3 1 0
github.com/user/library-api/internal/graphql/generated.go:1346.2,1347.18 2 0
github.com/user/library-api/internal/graphql/generated.go:1350.133,1354.52 3 0
github.com/user/library-api/internal/graphql/generated.go:1354.52,1356.4 1 0
github.com/user/library-api/internal/graphql/generated.go:1357.2,1357.16 1 0
github.com/user/library-api/internal/graphql/generated.go:1357.16,1359.3 1 0
github.com/user/library-api/internal/graphql/generated.go:1360.2,1361.18 2 0
github.com/user/library-api/internal/graphql/generated.go:1364.130,1368.49 3 0
github.com/user/library-api/internal/graphql/generated.go:1368.49,1370.4 1 0
github.com/user/library-api/internal/graphql/generated.go:1371.2,1371.16 1 0
github.com/user/library-api/internal/graphql/generated.go:1371.16,1373.3 1 0
github.com/user/library-api/internal/graphql/generated.go:1374.2,1375.18 2 0
github.com/user/library-api/internal/graphql/generated.go:1378.131,1382.49 3 0
github.com/user/library-api/internal/graphql/generated.go:1382.49,1384.4 1 0
github.com/user/library-api/internal/graphql/generated.go:1385.2,1385.16 1 0
github.com/user/library-api/internal/graphql/generated.go:1385.16,1387.3 1 0
github.com/user/library-api/internal/graphql/generated.go:1388.2,1390.63 2 0
github.com/user/library-api/internal/graphql/generated.go:1390.63,1392.4 1 0
github.com/user/library-api/internal/graphql/generated.go:1393.2,1393.16 1 0
github.com/user/library-api/internal/graphql/generated.go:1393.16,1395.3 1 0
github.com/user/library-api/internal/graphql/generated.go:1396.2,1397.18 2 0
github.com/user/library-api/internal/graphql/generated.go:1400.129,1404.49 3 0
github.com/user/library-api/internal/graphql/generated.go:1404.49,1406.4 1 0
github.com/user/library-api/internal/graphql/generated.go:1407.2,1407.16 1 0
github.com/user/library-api/internal/graphql/generated.go:1407.16,1409.3 1 0
github.com/user/library-api/internal/graphql/generated.go:1410.2,1412.61 2 0
github.com/user/library-api/internal/graphql/generated.go:1412.61,1414.4 1 0
github.com/user/library-api/internal/graphql/generated.go:1415.2,1415.16 1 0
github.com/user/library-api/internal/graphql/generated.go:1415.16,1417.3 1 0
github.com/user/library-api/internal/graphql/generated.go:1418.2,1419.18 2 0
github.com/user/library-api/internal/graphql/generated.go:1422.131,1426.49 3 0
github.com/user/library-api/internal/graphql/generated.go:1426.49,1428.4 1 0
github.com/user/library-api/internal/graphql/generated.go:1429.2,1429.16 1 0
github.com/user/library-api/internal/graphql/generated.go:1429.16,1431.3 1 0
github.com/user/library-api/internal/graphql/generated.go:1432.2,1434.63 2 0
github.com/user/library-api/internal/graphql/generated.go:1434.63,1436.4 1 0
github.com/user/library-api/internal/graphql/generated.go:1437.2,1437.16 1 0
github.com/user/library-api/internal/graphql/generated.go:1437.16,1439.3 1 0
github.com/user/library-api/internal/graphql/generated.go:1440.2,1441.18 2 0
github.com/user/library-api/internal/graphql/generated.go:1444.122,1448.52 3 0
github.com/user/library-api/internal/graphql/generated.go:1448.52,1450.4 1 0
github.com/user/library-api/internal/graphql/generated.go:1451.2,1451.16 1 0
github.com/user/library-api/internal/graphql/generated.go:1451.16,1453.3 1 0
github.com/user/library-api/internal/graphql/generated.go:1454.2,1455.18 2 0
github.com/user/library-api/internal/graphql/generated.go:1458.122,1462.49 3 0
github.com/user/library-api/internal/graphql/generated.go:1462.49,1464.4 1 0
github.com/user/library-api/internal/graphql/generated.go:1465.2,1465.16 1 0
github.com/user/library-api/internal/graphql/generated.go:1465.16,1467.3 1 0
github.com/user/library-api/internal/graphql/generated.go:1468.2,1469.18 2 0
github.com/user/library-api/internal/graphql/generated.go:1472.120,1476.49 3 0
github.com/user/library-api/internal/graphql/generated.go:1476.49,1478.4 1 0
github.com/user/library-api/internal/graphql/generated.go:1479.2,1479.16 1 0
github.com/user/library-api/internal/graphql/generated.go:1479.16,1481.3 1 0
github.com/user/library-api/internal/graphql/generated.go:1482.2,1483.18 2 0
github.com/user/library-api/internal/graphql/generated.go:1486.121,1490.51 3 0
github.com/user/library-api/internal/graphql/generated.go:1490.51,1492.4 1 0
github.com/user/library-api/internal/graphql/generated.go:1493.2,1493.16 1 0
github.com/user/library-api/internal/graphql/generated.go:1493.16,1495.3 1 0
github.com/user/library-api/internal/graphql/generated.go:1496.2,1498.50 2 0
github.com/user/library-api/internal/graphql/generated.go:1498.50,1500.4 1 0
github.com/user/library-api/internal/graphql/generated.go:1501.2,1501.16 1 0
github.com/user/library-api/internal/graphql/generated.go:1501.16,1503.3 1 0
github.com/user/library-api/internal/graphql/generated.go:1504.2,1506.50 2 0
github.com/user/library-api/internal/graphql/generated.go:1506.50,1508.4 1 0
github.com/user/library-api/internal/graphql/generated.go:1509.2,1509.16 1 0
github.com/user/library-api/internal/graphql/generated.go:1509.16,1511.3 1 0
github.com/user/library-api/internal/graphql/generated.go:1512.2,1513.18 2 0
github.com/user/library-api/internal/graphql/generated.go:1516.128,1520.52 3 0
github.com/user/library-api/internal/graphql/generated.go:1520.52,1522.4 1 0
github.com/user/library-api/internal/graphql/generated.go:1523.2,1523.16 1 0
github.com/user/library-api/internal/graphql/generated.go:1523.16,1525.3 1 0
github.com/user/library-api/internal/graphql/generated.go:1526.2,1527.18 2 0
github.com/user/library-api/internal/graphql/generated.go:1530.133,1534.52 3 0
github.com/user/library-api/internal/graphql/generated.go:1534.52,1536.4 1 0
github.com/user/library-api/internal/graphql/generated.go:1537.2,1537.16 1 0
github.com/user/library-api/internal/graphql/generated.go:1537.16,1539.3 1 0
github.com/user/library-api/internal/graphql/generated.go:1540.2,1542.50 2 0
github.com/user/library-api/internal/graphql/generated.go:1542.50,1544.4 1 0
github.com/user/library-api/internal/graphql/generated.go:1545.2,1545.16 1 0
github.com/user/library-api/internal/graphql/generated.go:1545.16,1547.3 1 0
github.com/user/library-api/internal/graphql/generated.go:1548.2,1549.18 2 0
github.com/user/library-api/internal/graphql/generated.go:1552.126,1556.49 3 0
github.com/user/library-api/internal/graphql/generated.go:1556.49,1558.4 1 0
github.com/user/library-api/internal/graphql/generated.go:1559.2,1559.16 1 0
github.com/user/library-api/internal/graphql/generated.go:1559.16,1561.3 1 0
github.com/user/library-api/internal/graphql/generated.go:1562.2,1563.18 2 0
github.com/user/library-api/internal/graphql/generated.go:1566.134,1570.49 3 0
github.com/user/library-api/internal/graphql/generated.go:1570.49,1572.4 1 0
github.com/user/library-api/internal/graphql/generated.go:1573.2,1573.16 1 0
github.com/user/library-api/internal/graphql/generated.go:1573.16,1575.3 1 0
github.com/user/library-api/internal/graphql/generated.go:1576.2,1577.18 2 0
github.com/user/library-api/internal/graphql/generated.go:1580.128,1584.49 3 0
github.com/user/library-api/internal/graphql/generated.go:1584.49,1586.4 1 0
github.com/user/library-api/internal/graphql/generated.go:1587.2,1587.16 1 0
github.com/user/library-api/internal/graphql/generated.go:1587.16,1589.3 1 0
github.com/user/library-api/internal/graphql/generated.go:1590.2,1592.50 2 0
github.com/user/library-api/internal/graphql/generated.go:1592.50,1594.4 1 0
github.com/user/library-api/internal/graphql/generated.go:1595.2,1595.16 1 0
github.com/user/library-api/internal/graphql/generated.go:1595.16,1597.3 1 0
github.com/user/library-api/internal/graphql/generated.go:1598.2,1599.18 2 0
github.com/user/library-api/internal/graphql/generated.go:1602.129,1606.49 3 0
github.com/user/library-api/internal/graphql/generated.go:1606.49,1608.4 1 0
github.com/user/library-api/internal/graphql/generated.go:1609.2,1609.16 1 0
github.com/user/library-api/internal/graphql/generated.go:1609.16,1611.3 1 0
github.com/user/library-api/internal/graphql/generated.go:1612.2,1614.50 2 0
github.com/user/library-api/internal/graphql/generated.go:1614.50,1616.4 1 0
github.com/user/library-api/internal/graphql/generated.go:1617.2,1617.16 1 0
github.com/user/library-api/internal/graphql/generated.go:1617.16,1619.3 1 0
github.com/user/library-api/internal/graphql/generated.go:1620.2,1621.18 2 0
github.com/user/library-api/internal/graphql/generated.go:1624.126,1628.51 3 0
github.com/user/library-api/internal/graphql/generated.go:1628.51,1630.4 1 0
github.com/user/library-api/internal/graphql/generated.go:1631.2,1631.16 1 0
github.com/user/library-api/internal/graphql/generated.go:1631.16,1633.3 1 0
github.com/user/library-api/internal/graphql/generated.go:1634.2,1635.18 2 0
github.com/user/library-api/internal/graphql/generated.go:1638.122,1642.51 3 0
github.com/user/library-api/internal/graphql/generated.go:1642.51,1644.4 1 0
github.com/user/library-api/internal/graphql/generated.go:1645.2,1645.16 1 0
github.com/user/library-api/internal/graphql/generated.go:1645.16,1647.3 1 0
github.com/user/library-api/internal/graphql/generated.go:1648.2,1649.18 2 0
github.com/user/library-api/internal/graphql/generated.go:1652.127,1656.50 3 0
github.com/user/library-api/internal/graphql/generated.go:1656.50,1658.4 1 0
github.com/user/library-api/internal/graphql/generated.go:1659.2,1659.16 1 0
github.com/user/library-api/internal/graphql/generated.go:1659.16,1661.3 1 0
github.com/user/library-api/internal/graphql/generated.go:1662.2,1663.18 2 0
github.com/user/library-api/internal/graphql/generated.go:1666.123,1670.50 3 0
github.com/user/library-api/internal/graphql/generated.go:1670.50,1672.4 1 0
github.com/user/library-api/internal/graphql/generated.go:1673.2,1673.16 1 0
github.com/user/library-api/internal/graphql/generated.go:1673.16,1675.3 1 0
github.com/user/library-api/internal/graphql/generated.go:1676.2,1677.18 2 0
github.com/user/library-api/internal/graphql/generated.go:1688.128,1693.90 1 0
github.com/user/library-api/internal/graphql/generated.go:1693.90,1695.4 1 0
github.com/user/library-api/internal/graphql/generated.go:1696.42,1698.4 1 0
github.com/user/library-api/internal/graphql/generated.go:1700.83,1702.4 1 0
github.com/user/library-api/internal/graphql/generated.go:1707.139,1709.2 1 0
github.com/user/library-api/internal/graphql/generated.go:1711.130,1716.90 1 0
github.com/user/library-api/internal/graphql/generated.go:1716.90,1718.4 1 0
github.com/user/library-api/internal/graphql/generated.go:1719.42,1721.4 1 0
github.com/user/library-api/internal/graphql/generated.go:1723.86,1725.4 1 0
github.com/user/library-api/internal/graphql/generated.go:1730.141,1732.2 1 0
github.com/user/library-api/internal/graphql/generated.go:1734.129,1739.90 1 0
github.com/user/library-api/internal/graphql/generated.go:1739.90,1741.4 1 0
github.com/user/library-api/internal/graphql/generated.go:1742.42,1744.4 1 0
github.com/user/library-api/internal/graphql/generated.go:1746.87,1748.4 1 0
github.com/user/library-api/internal/graphql/generated.go:1753.140,1755.2 1 0
github.com/user/library-api/internal/graphql/generated.go:1757.131,1762.90 1 0
github.com/user/library-api/internal/graphql/generated.go:1762.90,1764.4 1 0
github.com/user/library-api/internal/graphql/generated.go:1765.42,1767.4 1 0
github.com/user/library-api/internal/graphql/generated.go:1769.87,1771.4 1 0
github.com/user/library-api/internal/graphql/generated.go:1776.142,1782.97 1 0
github.com/user/library-api/internal/graphql/generated.go:1782.97,1784.4 1 0
github.com/user/library-api/internal/graphql/generated.go:1786.2,1786.16 1 0
github.com/user/library-api/internal/graphql/generated.go:1789.132,1794.90 1 0
github.com/user/library-api/internal/graphql/generated.go:1794.90,1796.4 1 0
github.com/user/library-api/internal/graphql/generated.go:1797.42,1799.4 1 0
github.com/user/library-api/internal/graphql/generated.go:1801.89,1803.4 1 0
github.com/user/library-api/internal/graphql/generated.go:1808.143,1814.97 1 0
github.com/user/library-api/internal/graphql/generated.go:1814.97,1816.4 1 0
github.com/user/library-api/internal/graphql/generated.go:1818.2,1818.16 1 0
github.com/user/library-api/internal/graphql/generated.go:1821.124,1826.90 1 0
github.com/user/library-api/internal/graphql/generated.go:1826.90,1828.4 1 0
github.com/user/library-api/internal/graphql/generated.go:1829.42,1831.4 1 0
github.com/user/library-api/internal/graphql/generated.go:1833.83,1835.4 1 0
github.com/user/library-api/internal/graphql/generated.go:1840.137,1842.2 1 0
github.com/user/library-api/internal/graphql/generated.go:1844.127,1849.90 1 0
github.com/user/library-api/internal/graphql/generated.go:1849.90,1851.4 1 0
github.com/user/library-api/internal/graphql/generated.go:1852.42,1854.4 1 0
github.com/user/library-api/internal/graphql/generated.go:1856.86,1858.4 1 0
github.com/user/library-api/internal/graphql/generated.go:1863.140,1865.2 1 0
github.com/user/library-api/internal/graphql/generated.go:1867.126,1872.90 1 0
github.com/user/library-api/internal/graphql/generated.go:1872.90,1874.4 1 0
github.com/user/library-api/internal/graphql/generated.go:1875.42,1877.4 1 0
github.com/user/library-api/internal/graphql/generated.go:1879.87,1881.4 1 0
github.com/user/library-api/internal/graphql/generated.go:1886.139,1888.2 1 0
github.com/user/library-api/internal/graphql/generated.go:1890.128,1895.90 1 0
github.com/user/library-api/internal/graphql/generated.go:1895.90,1897.4 1 0
github.com/user/library-api/internal/graphql/generated.go:1898.42,1900.4 1 0
github.com/user/library-api/internal/graphql/generated.go:1902.87,1904.4 1 0
github.com/user/library-api/internal/graphql/generated.go:1909.141,1911.2 1 0
github.com/user/library-api/internal/graphql/generated.go:1913.135,1918.90 1 0
github.com/user/library-api/internal/graphql/generated.go:1918.90,1920.4 1 0
github.com/user/library-api/internal/graphql/generated.go:1921.42,1923.4 1 0
github.com/user/library-api/internal/graphql/generated.go:1925.90,1927.4 1 0
github.com/user/library-api/internal/graphql/generated.go:1932.148,1934.2 1 0
github.com/user/library-api/internal/graphql/generated.go:1936.131,1941.90 1 0
github.com/user/library-api/internal/graphql/generated.go:1941.90,1943.4 1 0
github.com/user/library-api/internal/graphql/generated.go:1944.42,1946.4 1 0
github.com/user/library-api/internal/graphql/generated.go:1948.84,1950.4 1 0
github.com/user/library-api/internal/graphql/generated.go:1955.144,1957.2 1 0
github.com/user/library-api/internal/graphql/generated.go:1959.133,1964.90 1 0
github.com/user/library-api/internal/graphql/generated.go:1964.90,1966.4 1 0
github.com/user/library-api/internal/graphql/generated.go:1967.42,1969.4 1 0
github.com/user/library-api/internal/graphql/generated.go:1971.87,1973.4 1 0
github.com/user/library-api/internal/graphql/generated.go:1978.146,1980.2 1 0
github.com/user/library-api/internal/graphql/generated.go:1982.130,1987.90 1 0
github.com/user/library-api/internal/graphql/generated.go:1987.90,1989.4 1 0
github.com/user/library-api/internal/graphql/generated.go:1990.42,1992.4 1 0
github.com/user/library-api/internal/graphql/generated.go:1994.87,1996.4 1 0
github.com/user/library-api/internal/graphql/generated.go:2001.143,2003.2 1 0
github.com/user/library-api/internal/graphql/generated.go:2005.127,2010.90 1 0
github.com/user/library-api/internal/graphql/generated.go:2010.90,2012.4 1 0
github.com/user/library-api/internal/graphql/generated.go:2013.42,2015.4 1 0
github.com/user/library-api/internal/graphql/generated.go:2017.84,2019.4 1 0
github.com/user/library-api/internal/graphql/generated.go:2024.140,2026.2 1 0
github.com/user/library-api/internal/graphql/generated.go:2028.128,2033.90 1 0
github.com/user/library-api/internal/graphql/generated.go:2033.90,2035.4 1 0
github.com/user/library-api/internal/graphql/generated.go:2036.42,2038.4 1 0
github.com/user/library-api/internal/graphql/generated.go:2040.87,2042.4 1 0
github.com/user/library-api/internal/graphql/generated.go:2047.141,2053.97 1 0
github.com/user/library-api/internal/graphql/generated.go:2053.97,2055.4 1 0
github.com/user/library-api/internal/graphql/generated.go:2057.2,2057.16 1 0
github.com/user/library-api/internal/graphql/generated.go:2060.128,2065.90 1 0
github.com/user/library-api/internal/graphql/generated.go:2065.90,2067.4 1 0
github.com/user/library-api/internal/graphql/generated.go:2068.42,2070.4 1 0
github.com/user/library-api/internal/graphql/generated.go:2072.93,2074.4 1 0
github.com/user/library-api/internal/graphql/generated.go:2079.141,2085.97 1 0
github.com/user/library-api/internal/graphql/generated.go:2085.97,2087.4 1 0
github.com/user/library-api/internal/graphql/generated.go:2089.2,2089.16 1 0
github.com/user/library-api/internal/graphql/generated.go:2092.126,2097.90 1 0
github.com/user/library-api/internal/graphql/generated.go:2097.90,2099.4 1 0
github.com/user/library-api/internal/graphql/generated.go:2100.42,2102.4 1 0
github.com/user/library-api/internal/graphql/generated.go:2104.86,2106.4 1 0
github.com/user/library-api/internal/graphql/generated.go:2111.139,2117.97 1 0
github.com/user/library-api/internal/graphql/generated.go:2117.97,2119.4 1 0
github.com/user/library-api/internal/graphql/generated.go:2121.2,2121.16 1 0
github.com/user/library-api/internal/graphql/generated.go:2124.143,2129.90 1 0
github.com/user/library-api/internal/graphql/generated.go:2129.90,2131.4 1 0
github.com/user/library-api/internal/graphql/generated.go:2132.42,2134.4 1 0
github.com/user/library-api/internal/graphql/generated.go:2136.87,2138.4 1 0
github.com/user/library-api/internal/graphql/generated.go:2143.148,2145.2 1 0
github.com/user/library-api/internal/graphql/generated.go:2147.148,2152.90 1 0
github.com/user/library-api/internal/graphql/generated.go:2152.90,2154.4 1 0
github.com/user/library-api/internal/graphql/generated.go:2155.42,2157.4 1 0
github.com/user/library-api/internal/graphql/generated.go:2159.89,2161.4 1 0
github.com/user/library-api/internal/graphql/generated.go:2166.153,2168.2 1 0
github.com/user/library-api/internal/graphql/generated.go:2170.142,2175.90 1 0
github.com/user/library-api/internal/graphql/generated.go:2175.90,2177.4 1 0
github.com/user/library-api/internal/graphql/generated.go:2178.42,2180.4 1 0
github.com/user/library-api/internal/graphql/generated.go:2182.89,2184.4 1 0
github.com/user/library-api/internal/graphql/generated.go:2189.147,2191.2 1 0
github.com/user/library-api/internal/graphql/generated.go:2193.154,2198.90 1 0
github.com/user/library-api/internal/graphql/generated.go:2198.90,2200.4 1 0
github.com/user/library-api/internal/graphql/generated.go:2201.42,2203.4 1 0
github.com/user/library-api/internal/graphql/generated.go:2205.84,2207.4 1 0
github.com/user/library-api/internal/graphql/generated.go:2212.159,2214.2 1 0
github.com/user/library-api/internal/graphql/generated.go:2216.145,2221.90 1 0
github.com/user/library-api/internal/graphql/generated.go:2221.90,2223.4 1 0
github.com/user/library-api/internal/graphql/generated.go:2224.42,2226.4 1 0
github.com/user/library-api/internal/graphql/generated.go:2228.87,2230.4 1 0
github.com/user/library-api/internal/graphql/generated.go:2235.150,2237.2 1 0
github.com/user/library-api/internal/graphql/generated.go:2239.141,2244.90 1 0
github.com/user/library-api/internal/graphql/generated.go:2244.90,2246.4 1 0
github.com/user/library-api/internal/graphql/generated.go:2247.42,2249.4 1 0
github.com/user/library-api/internal/graphql/generated.go:2251.87,2253.4 1 0
github.com/user/library-api/internal/graphql/generated.go:2258.146,2260.2 1 0
github.com/user/library-api/internal/graphql/generated.go:2262.125,2267.90 1 0
github.com/user/library-api/internal/graphql/generated.go:2267.90,2269.4 1 0
github.com/user/library-api/internal/graphql/generated.go:2270.42,2273.4 2 0
github.com/user/library-api/internal/graphql/generated.go:2275.85,2277.4 1 0
github.com/user/library-api/internal/graphql/generated.go:2282.151,2288.97 1 0
github.com/user/library-api/internal/graphql/generated.go:2288.97,2290.4 1 0
github.com/user/library-api/internal/graphql/generated.go:2292.2,2292.15 1 0
github.com/user/library-api/internal/graphql/generated.go:2292.15,2293.31 1 0
github.com/user/library-api/internal/graphql/generated.go:2293.31,2296.4 2 0
github.com/user/library-api/internal/graphql/generated.go:2298.2,2299.104 2 0
github.com/user/library-api/internal/graphql/generated.go:2299.104,2302.3 2 0
github.com/user/library-api/internal/graphql/generated.go:2303.2,2303.16 1 0
github.com/user/library-api/internal/graphql/generated.go:2306.125,2311.90 1 0
github.com/user/library-api/internal/graphql/generated.go:2311.90,2313.4 1 0
github.com/user/library-api/internal/graphql/generated.go:2314.42,2317.4 2 0
github.com/user/library-api/internal/graphql/generated.go:2319.85,2321.4 1 0
github.com/user/library-api/internal/graphql/generated.go:2326.151,2332.97 1 0
github.com/user/library-api/internal/graphql/generated.go:2332.97,2334.4 1 0
github.com/user/library-api/internal/graphql/generated.go:2336.2,2336.15 1 0
github.com/user/library-api/internal/graphql/generated.go:2336.15,2337.31 1 0
github.com/user/library-api/internal/graphql/generated.go:2337.31,2340.4 2 0
github.com/user/library-api/internal/graphql/generated.go:2342.2,2343.104 2 0
github.com/user/library-api/internal/graphql/generated.go:2343.104,2346.3 2 0
github.com/user/library-api/internal/graphql/generated.go:2347.2,2347.16 1 0
github.com/user/library-api/internal/graphql/generated.go:2350.125,2355.90 1 0
github.com/user/library-api/internal/graphql/generated.go:2355.90,2357.4 1 0
github.com/user/library-api/internal/graphql/generated.go:2358.42,2361.4 2 0
github.com/user/library-api/internal/graphql/generated.go:2363.84,2365.4 1 0
github.com/user/library-api/internal/graphql/generated.go:2370.151,2376.97 1 0
github.com/user/library-api/internal/graphql/generated.go:2376.97,2378.4 1 0
github.com/user/library-api/internal/graphql/generated.go:2380.2,2380.15 1 0
github.com/user/library-api/internal/graphql/generated.go:2380.15,2381.31 1 0
github.com/user/library-api/internal/graphql/generated.go:2381.31,2384.4 2 0
github.com/user/library-api/internal/graphql/generated.go:2386.2,2387.104 2 0
github.com/user/library-api/internal/graphql/generated.go:2387.104,2390.3 2 0
github.com/user/library-api/internal/graphql/generated.go:2391.2,2391.16 1 0
github.com/user/library-api/internal/graphql/generated.go:2394.126,2399.90 1 0
github.com/user/library-api/internal/graphql/generated.go:2399.90,2401.4 1 0
github.com/user/library-api/internal/graphql/generated.go:2402.42,2405.4 2 0
github.com/user/library-api/internal/graphql/generated.go:2407.85,2409.4 1 0
github.com/user/library-api/internal/graphql/generated.go:2414.152,2420.97 1 0
github.com/user/library-api/internal/graphql/generated.go:2420.97,2422.4 1 0
github.com/user/library-api/internal/graphql/generated.go:2424.2,2424.15 1 0
github.com/user/library-api/internal/graphql/generated.go:2424.15,2425.31 1 0
github.com/user/library-api/internal/graphql/generated.go:2425.31,2428.4 2 0
github.com/user/library-api/internal/graphql/generated.go:2430.2,2431.105 2 0
github.com/user/library-api/internal/graphql/generated.go:2431.105,2434.3 2 0
github.com/user/library-api/internal/graphql/generated.go:2435.2,2435.16 1 0
github.com/user/library-api/internal/graphql/generated.go:2438.127,2443.90 1 0
github.com/user/library-api/internal/graphql/generated.go:2443.90,2445.4 1 0
github.com/user/library-api/internal/graphql/generated.go:2446.42,2449.4 2 0
github.com/user/library-api/internal/graphql/generated.go:2451.87,2453.4 1 0
github.com/user/library-api/internal/graphql/generated.go:2458.153,2464.97 1 0
github.com/user/library-api/internal/graphql/generated.go:2464.97,2466.4 1 0
github.com/user/library-api/internal/graphql/generated.go:2468.2,2468.15 1 0
github.com/user/library-api/internal/graphql/generated.go:2468.15,2469.31 1 0
github.com/user/library-api/internal/graphql/generated.go:2469.31,2472.4 2 0
github.com/user/library-api/internal/graphql/generated.go:2474.2,2475.106 2 0
github.com/user/library-api/internal/graphql/generated.go:2475.106,2478.3 2 0
github.com/user/library-api/internal/graphql/generated.go:2479.2,2479.16 1 0
github.com/user/library-api/internal/graphql/generated.go:2482.127,2487.90 1 0
github.com/user/library-api/internal/graphql/generated.go:2487.90,2489.4 1 0
github.com/user/library-api/internal/graphql/generated.go:2490.42,2493.4 2 0
github.com/user/library-api/internal/graphql/generated.go:2495.87,2497.4 1 0
github.com/user/library-api/internal/graphql/generated.go:2502.153,2508.97 1 0
github.com/user/library-api/internal/graphql/generated.go:2508.97,2510.4 1 0
github.com/user/library-api/internal/graphql/generated.go:2512.2,2512.15 1 0
github.com/user/library-api/internal/graphql/generated.go:2512.15,2513.31 1 0
github.com/user/library-api/internal/graphql/generated.go:2513.31,2516.4 2 0
github.com/user/library-api/internal/graphql/generated.go:2518.2,2519.106 2 0
github.com/user/library-api/internal/graphql/generated.go:2519.106,2522.3 2 0
github.com/user/library-api/internal/graphql/generated.go:2523.2,2523.16 1 0
github.com/user/library-api/internal/graphql/generated.go:2526.127,2531.90 1 0
github.com/user/library-api/internal/graphql/generated.go:2531.90,2533.4 1 0
github.com/user/library-api/internal/graphql/generated.go:2534.42,2537.4 2 0
github.com/user/library-api/internal/graphql/generated.go:2539.84,2541.4 1 0
github.com/user/library-api/internal/graphql/generated.go:2546.153,2552.97 1 0
github.com/user/library-api/internal/graphql/generated.go:2552.97,2554.4 1 0
github.com/user/library-api/internal/graphql/generated.go:2556.2,2556.15 1 0
github.com/user/library-api/internal/graphql/generated.go:2556.15,2557.31 1 0
github.com/user/library-api/internal/graphql/generated.go:2557.31,2560.4 2 0
github.com/user/library-api/internal/graphql/generated.go:2562.2,2563.106 2 0
github.com/user/library-api/internal/graphql/generated.go:2563.106,2566.3 2 0
github.com/user/library-api/internal/graphql/generated.go:2567.2,2567.16 1 0
github.com/user/library-api/internal/graphql/generated.go:2570.127,2575.90 1 0
github.com/user/library-api/internal/graphql/generated.go:2575.90,2577.4 1 0
github.com/user/library-api/internal/graphql/generated.go:2578.42,2581.4 2 0
github.com/user/library-api/internal/graphql/generated.go:2583.87,2585.4 1 0
github.com/user/library-api/internal/graphql/generated.go:2590.153,2596.97 1 0
github.com/user/library-api/internal/graphql/generated.go:2596.97,2598.4 1 0
github.com/user/library-api/internal/graphql/generated.go:2600.2,2600.15 1 0
github.com/user/library-api/internal/graphql/generated.go:2600.15,2601.31 1 0
github.com/user/library-api/internal/graphql/generated.go:2601.31,2604.4 2 0
github.com/user/library-api/internal/graphql/generated.go:2606.2,2607.106 2 0
github.com/user/library-api/internal/graphql/generated.go:2607.106,2610.3 2 0
github.com/user/library-api/internal/graphql/generated.go:2611.2,2611.16 1 0
github.com/user/library-api/internal/graphql/generated.go:2614.127,2619.90 1 0
github.com/user/library-api/internal/graphql/generated.go:2619.90,2621.4 1 0
github.com/user/library-api/internal/graphql/generated.go:2622.42,2625.4 2 0
github.com/user/library-api/internal/graphql/generated.go:2627.87,2629.4 1 0
github.com/user/library-api/internal/graphql/generated.go:2634.153,2640.97 1 0
github.com/user/library-api/internal/graphql/generated.go:2640.97,2642.4 1 0
github.com/user/library-api/internal/graphql/generated.go:2644.2,2644.15 1 0
github.com/user/library-api/internal/graphql/generated.go:2644.15,2645.31 1 0
github.com/user/library-api/internal/graphql/generated.go:2645.31,2648.4 2 0
github.com/user/library-api/internal/graphql/generated.go:2650.2,2651.106 2 0
github.com/user/library-api/internal/graphql/generated.go:2651.106,2654.3 2 0
github.com/user/library-api/internal/graphql/generated.go:2655.2,2655.16 1 0
github.com/user/library-api/internal/graphql/generated.go:2658.127,2663.90 1 0
github.com/user/library-api/internal/graphql/generated.go:2663.90,2665.4 1 0
github.com/user/library-api/internal/graphql/generated.go:2666.42,2669.4 2 0
github.com/user/library-api/internal/graphql/generated.go:2671.84,2673.4 1 0
github.com/user/library-api/internal/graphql/generated.go:2678.153,2684.97 1 0
github.com/user/library-api/internal/graphql/generated.go:2684.97,2686.4 1 0
github.com/user/library-api/internal/graphql/generated.go:2688.2,2688.15 1 0
github.com/user/library-api/internal/graphql/generated.go:2688.15,2689.31 1 0
github.com/user/library-api/internal/graphql/generated.go:2689.31,2692.4 2 0
github.com/user/library-api/internal/graphql/generated.go:2694.2,2695.106 2 0
github.com/user/library-api/internal/graphql/generated.go:2695.106,2698.3 2 0
github.com/user/library-api/internal/graphql/generated.go:2699.2,2699.16 1 0
github.com/user/library-api/internal/graphql/generated.go:2702.130,2707.90 1 0
github.com/user/library-api/internal/graphql/generated.go:2707.90,2709.4 1 0
github.com/user/library-api/internal/graphql/generated.go:2710.42,2713.4 2 0
github.com/user/library-api/internal/graphql/generated.go:2715.91,2717.4 1 0
github.com/user/library-api/internal/graphql/generated.go:2722.156,2728.97 1 0
github.com/user/library-api/internal/graphql/generated.go:2728.97,2730.4 1 0
github.com/user/library-api/internal/graphql/generated.go:2732.2,2732.15 1 0
github.com/user/library-api/internal/graphql/generated.go:2732.15,2733.31 1 0
github.com/user/library-api/internal/graphql/generated.go:2733.31,2736.4 2 0
github.com/user/library-api/internal/graphql/generated.go:2738.2,2739.109 2 0
github.com/user/library-api/internal/graphql/generated.go:2739.109,2742.3 2 0
github.com/user/library-api/internal/graphql/generated.go:2743.2,2743.16 1 0
github.com/user/library-api/internal/graphql/generated.go:2746.135,2751.90 1 0
github.com/user/library-api/internal/graphql/generated.go:2751.90,2753.4 1 0
github.com/user/library-api/internal/graphql/generated.go:2754.42,2757.4 2 0
github.com/user/library-api/internal/graphql/generated.go:2759.84,2761.4 1 0
github.com/user/library-api/internal/graphql/generated.go:2766.161,2772.97 1 0
github.com/user/library-api/internal/graphql/generated.go:2772.97,2774.4 1 0
github.com/user/library-api/internal/graphql/generated.go:2776.2,2776.15 1 0
github.com/user/library-api/internal/graphql/generated.go:2776.15,2777.31 1 0
github.com/user/library-api/internal/graphql/generated.go:2777.31,2780.4 2 0
github.com/user/library-api/internal/graphql/generated.go:2782.2,2783.114 2 0
github.com/user/library-api/internal/graphql/generated.go:2783.114,2786.3 2 0
github.com/user/library-api/internal/graphql/generated.go:2787.2,2787.16 1 0
github.com/user/library-api/internal/graphql/generated.go:2790.124,2795.90 1 0
github.com/user/library-api/internal/graphql/generated.go:2795.90,2797.4 1 0
github.com/user/library-api/internal/graphql/generated.go:2798.42,2801.4 2 0
github.com/user/library-api/internal/graphql/generated.go:2803.84,2805.4 1 0
github.com/user/library-api/internal/graphql/generated.go:2810.150,2816.97 1 0
github.com/user/library-api/internal/graphql/generated.go:2816.97,2818.4 1 0
github.com/user/library-api/internal/graphql/generated.go:2820.2,2820.15 1 0
github.com/user/library-api/internal/graphql/generated.go:2820.15,2821.31 1 0
github.com/user/library-api/internal/graphql/generated.go:2821.31,2824.4 2 0
github.com/user/library-api/internal/graphql/generated.go:2826.2,2827.103 2 0
github.com/user/library-api/internal/graphql/generated.go:2827.103,2830.3 2 0
github.com/user/library-api/internal/graphql/generated.go:2831.2,2831.16 1 0
github.com/user/library-api/internal/graphql/generated.go:2834.127,2839.90 1 0
github.com/user/library-api/internal/graphql/generated.go:2839.90,2841.4 1 0
github.com/user/library-api/internal/graphql/generated.go:2842.42,2845.4 2 0
github.com/user/library-api/internal/graphql/generated.go:2847.85,2849.4 1 0
github.com/user/library-api/internal/graphql/generated.go:2854.153,2860.97 1 0
github.com/user/library-api/internal/graphql/generated.go:2860.97,2862.4 1 0
github.com/user/library-api/internal/graphql/generated.go:2864.2,2864.15 1 0
github.com/user/library-api/internal/graphql/generated.go:2864.15,2865.31 1 0
github.com/user/library-api/internal/graphql/generated.go:2865.31,2868.4 2 0
github.com/user/library-api/internal/graphql/generated.go:2870.2,2871.106 2 0
github.com/user/library-api/internal/graphql/generated.go:2871.106,2874.3 2 0
github.com/user/library-api/internal/graphql/generated.go:2875.2,2875.16 1 0
github.com/user/library-api/internal/graphql/generated.go:2878.132,2883.90 1 0
github.com/user/library-api/internal/graphql/generated.go:2883.90,2885.4 1 0
github.com/user/library-api/internal/graphql/generated.go:2886.42,2889.4 2 0
github.com/user/library-api/internal/graphql/generated.go:2891.85,2893.4 1 0
github.com/user/library-api/internal/graphql/generated.go:2898.158,2904.97 1 0
github.com/user/library-api/internal/graphql/generated.go:2904.97,2906.4 1 0
github.com/user/library-api/internal/graphql/generated.go:2908.2,2908.15 1 0
github.com/user/library-api/internal/graphql/generated.go:2908.15,2909.31 1 0
github.com/user/library-api/internal/graphql/generated.go:2909.31,2912.4 2 0
github.com/user/library-api/internal/graphql/generated.go:2914.2,2915.111 2 0
github.com/user/library-api/internal/graphql/generated.go:2915.111,2918.3 2 0
github.com/user/library-api/internal/graphql/generated.go:2919.2,2919.16 1 0
github.com/user/library-api/internal/graphql/generated.go:2922.129,2927.90 1 0
github.com/user/library-api/internal/graphql/generated.go:2927.90,2929.4 1 0
github.com/user/library-api/internal/graphql/generated.go:2930.42,2933.4 2 0
github.com/user/library-api/internal/graphql/generated.go:2935.91,2937.4 1 0
github.com/user/library-api/internal/graphql/generated.go:2942.155,2948.97 1 0
github.com/user/library-api/internal/graphql/generated.go:2948.97,2950.4 1 0
github.com/user/library-api/internal/graphql/generated.go:2952.2,2952.15 1 0
github.com/user/library-api/internal/graphql/generated.go:2952.15,2953.31 1 0
github.com/user/library-api/internal/graphql/generated.go:2953.31,2956.4 2 0
github.com/user/library-api/internal/graphql/generated.go:2958.2,2959.108 2 0
github.com/user/library-api/internal/graphql/generated.go:2959.108,2962.3 2 0
github.com/user/library-api/internal/graphql/generated.go:2963.2,2963.16 1 0
github.com/user/library-api/internal/graphql/generated.go:2966.117,2971.90 1 0
github.com/user/library-api/internal/graphql/generated.go:2971.90,2973.4 1 0
github.com/user/library-api/internal/graphql/generated.go:2974.42,2977.4 2 0
github.com/user/library-api/internal/graphql/generated.go:2979.87,2981.4 1 0
github.com/user/library-api/internal/graphql/generated.go:2986.143,2992.97 1 0
github.com/user/library-api/internal/graphql/generated.go:2992.97,2994.4 1 0
github.com/user/library-api/internal/graphql/generated.go:2996.2,2996.15 1 0
github.com/user/library-api/internal/graphql/generated.go:2996.15,2997.31 1 0
github.com/user/library-api/internal/graphql/generated.go:2997.31,3000.4 2 0
github.com/user/library-api/internal/graphql/generated.go:3002.2,3003.96 2 0
github.com/user/library-api/internal/graphql/generated.go:3003.96,3006.3 2 0
github.com/user/library-api/internal/graphql/generated.go:3007.2,3007.16 1 0
github.com/user/library-api/internal/graphql/generated.go:3010.116,3015.90 1 0
github.com/user/library-api/internal/graphql/generated.go:3015.90,3017.4 1 0
github.com/user/library-api/internal/graphql/generated.go:3018.42,3021.4 2 0
github.com/user/library-api/internal/graphql/generated.go:3023.85,3025.4 1 0
github.com/user/library-api/internal/graphql/generated.go:3030.142,3036.97 1 0
github.com/user/library-api/internal/graphql/generated.go:3036.97,3038.4 1 0
github.com/user/library-api/internal/graphql/generated.go:3040.2,3040.15 1 0
github.com/user/library-api/internal/graphql/generated.go:3040.15,3041.31 1 0
github.com/user/library-api/internal/graphql/generated.go:3041.31,3044.4 2 0
github.com/user/library-api/internal/graphql/generated.go:3046.2,3047.95 2 0
github.com/user/library-api/internal/graphql/generated.go:3047.95,3050.3 2 0
github.com/user/library-api/internal/graphql/generated.go:3051.2,3051.16 1 0
github.com/user/library-api/internal/graphql/generated.go:3054.119,3059.90 1 0
github.com/user/library-api/internal/graphql/generated.go:3059.90,3061.4 1 0
github.com/user/library-api/internal/graphql/generated.go:3062.42,3064.4 1 0
github.com/user/library-api/internal/graphql/generated.go:3066.89,3068.4 1 0
github.com/user/library-api/internal/graphql/generated.go:3073.143,3079.97 1 0
github.com/user/library-api/internal/graphql/generated.go:3079.97,3081.4 1 0
github.com/user/library-api/internal/graphql/generated.go:3083.2,3083.16 1 0
github.com/user/library-api/internal/graphql/generated.go:3086.118,3091.90 1 0
github.com/user/library-api/internal/graphql/generated.go:3091.90,3093.4 1 0
github.com/user/library-api/internal/graphql/generated.go:3094.42,3097.4 2 0
github.com/user/library-api/internal/graphql/generated.go:3099.87,3101.4 1 0
github.com/user/library-api/internal/graphql/generated.go:3106.144,3112.97 1 0
github.com/user/library-api/internal/graphql/generated.go:3112.97,3114.4 1 0
github.com/user/library-api/internal/graphql/generated.go:3116.2,3116.15 1 0
github.com/user/library-api/internal/graphql/generated.go:3116.15,3117.31 1 0
github.com/user/library-api/internal/graphql/generated.go:3117.31,3120.4 2 0
github.com/user/library-api/internal/graphql/generated.go:3122.2,3123.97 2 0
github.com/user/library-api/internal/graphql/generated.go:3123.97,3126.3 2 0
github.com/user/library-api/internal/graphql/generated.go:3127.2,3127.16 1 0
github.com/user/library-api/internal/graphql/generated.go:3130.118,3135.90 1 0
github.com/user/library-api/internal/graphql/generated.go:3135.90,3137.4 1 0
github.com/user/library-api/internal/graphql/generated.go:3138.42,3140.4 1 0
[...]
github.com/user/library-api/internal/graphql/generated.go:6993.2,6993.116 1 0
github.com/user/library-api/internal/graphql/generated.go:6993.116,6997.3 3 0
github.com/user/library-api/internal/graphql/generated.go:6999.2,6999.24 1 0
github.com/user/library-api/internal/graphql/generated.go:6999.24,7000.24 1 0
github.com/user/library-api/internal/graphql/generated.go:7000.24,7002.4 1 0
github.com/user/library-api/internal/graphql/generated.go:7005.2,7005.12 1 0
github.com/user/library-api/internal/graphql/generated.go:7008.205,7009.14 1 0
github.com/user/library-api/internal/graphql/generated.go:7009.14,7011.3 1 0
github.com/user/library-api/internal/graphql/generated.go:7012.2,7012.116 1 0
github.com/user/library-api/internal/graphql/generated.go:7012.116,7016.3 3 0
github.com/user/library-api/internal/graphql/generated.go:7018.2,7018.24 1 0
github.com/user/library-api/internal/graphql/generated.go:7018.24,7019.24 1 0
github.com/user/library-api/internal/graphql/generated.go:7019.24,7021.4 1 0
github.com/user/library-api/internal/graphql/generated.go:7024.2,7024.12 1 0
github.com/user/library-api/internal/graphql/generated.go:7027.220,7028.14 1 0
github.com/user/library-api/internal/graphql/generated.go:7028.14,7030.3 1 0
github.com/user/library-api/internal/graphql/generated.go:7031.2,7031.116 1 0
github.com/user/library-api/internal/graphql/generated.go:7031.116,7035.3 3 0
github.com/user/library-api/internal/graphql/generated.go:7037.2,7037.24 1 0
github.com/user/library-api/internal/graphql/generated.go:7037.24,7038.24 1 0
github.com/user/library-api/internal/graphql/generated.go:7038.24,7040.4 1 0
github.com/user/library-api/internal/graphql/generated.go:7043.2,7043.12 1 0
github.com/user/library-api/internal/graphql/generated.go:7046.204,7047.14 1 0
github.com/user/library-api/internal/graphql/generated.go:7047.14,7049.3 1 0
github.com/user/library-api/internal/graphql/generated.go:7050.2,7050.34 1 0
github.com/user/library-api/internal/graphql/generated.go:7053.202,7054.14 1 0
github.com/user/library-api/internal/graphql/generated.go:7054.14,7056.3 1 0
github.com/user/library-api/internal/graphql/generated.go:7057.2,7057.116 1 0
github.com/user/library-api/internal/graphql/generated.go:7057.116,7061.3 3 0
github.com/user/library-api/internal/graphql/generated.go:7063.2,7063.24 1 0
github.com/user/library-api/internal/graphql/generated.go:7063.24,7064.24 1 0
github.com/user/library-api/internal/graphql/generated.go:7064.24,7066.4 1 0
github.com/user/library-api/internal/graphql/generated.go:7069.2,7069.12 1 0
github.com/user/library-api/internal/graphql/generated.go:7072.198,7073.14 1 0
github.com/user/library-api/internal/graphql/generated.go:7073.14,7075.3 1 0
github.com/user/library-api/internal/graphql/generated.go:7076.2,7076.32 1 0
github.com/user/library-api/internal/graphql/schema.resolvers.go:17.45,22.17 2 1
github.com/user/library-api/internal/graphql/schema.resolvers.go:22.17,24.3 1 0
github.com/user/library-api/internal/graphql/schema.resolvers.go:25.2,25.15 1 1
github.com/user/library-api/internal/graphql/schema.resolvers.go:28.39,34.18 2 1
github.com/user/library-api/internal/graphql/schema.resolvers.go:34.18,37.3 2 1
github.com/user/library-api/internal/graphql/schema.resolvers.go:38.2,38.20 1 1
github.com/user/library-api/internal/graphql/schema.resolvers.go:38.20,41.3 2 1
github.com/user/library-api/internal/graphql/schema.resolvers.go:42.2,42.27 1 1
github.com/user/library-api/internal/graphql/schema.resolvers.go:42.27,45.3 2 0
github.com/user/library-api/internal/graphql/schema.resolvers.go:46.2,46.23 1 1
github.com/user/library-api/internal/graphql/schema.resolvers.go:46.23,49.3 2 0
github.com/user/library-api/internal/graphql/schema.resolvers.go:50.2,50.25 1 1
github.com/user/library-api/internal/graphql/schema.resolvers.go:50.25,53.3 2 0
github.com/user/library-api/internal/graphql/schema.resolvers.go:54.2,54.22 1 1
github.com/user/library-api/internal/graphql/schema.resolvers.go:54.22,57.3 2 0
github.com/user/library-api/internal/graphql/schema.resolvers.go:58.2,58.13 1 1
github.com/user/library-api/internal/graphql/schema.resolvers.go:61.65,63.22 2 1
github.com/user/library-api/internal/graphql/schema.resolvers.go:63.22,65.3 1 1
github.com/user/library-api/internal/graphql/schema.resolvers.go:66.2,66.33 1 1
github.com/user/library-api/internal/graphql/schema.resolvers.go:66.33,69.3 2 1
github.com/user/library-api/internal/graphql/schema.resolvers.go:70.2,70.47 1 1
github.com/user/library-api/internal/graphql/schema.resolvers.go:70.47,73.3 2 1
github.com/user/library-api/internal/graphql/schema.resolvers.go:74.2,74.27 1 1
github.com/user/library-api/internal/graphql/schema.resolvers.go:74.27,75.48 1 0
github.com/user/library-api/internal/graphql/schema.resolvers.go:75.48,78.4 2 0
github.com/user/library-api/internal/graphql/schema.resolvers.go:80.2,80.20 1 1
github.com/user/library-api/internal/graphql/schema.resolvers.go:80.20,82.3 1 0
github.com/user/library-api/internal/graphql/schema.resolvers.go:83.2,83.29 1 1
github.com/user/library-api/internal/graphql/schema.resolvers.go:83.29,85.3 1 1
github.com/user/library-api/internal/graphql/schema.resolvers.go:86.2,86.15 1 1
github.com/user/library-api/internal/graphql/schema.resolvers.go:90.98,92.16 2 1
github.com/user/library-api/internal/graphql/schema.resolvers.go:92.16,98.3 2 1
github.com/user/library-api/internal/graphql/schema.resolvers.go:100.2,101.16 2 1
github.com/user/library-api/internal/graphql/schema.resolvers.go:101.16,103.3 1 1
github.com/user/library-api/internal/graphql/schema.resolvers.go:104.2,104.19 1 1
github.com/user/library-api/internal/graphql/schema.resolvers.go:104.19,109.3 2 1
github.com/user/library-api/internal/graphql/schema.resolvers.go:111.2,112.29 2 1
github.com/user/library-api/internal/graphql/schema.resolvers.go:112.29,114.3 1 1
github.com/user/library-api/internal/graphql/schema.resolvers.go:116.2,120.16 2 1
github.com/user/library-api/internal/graphql/schema.resolvers.go:120.16,122.3 1 0
github.com/user/library-api/internal/graphql/schema.resolvers.go:124.2,125.30 2 1
github.com/user/library-api/internal/graphql/schema.resolvers.go:125.30,127.17 2 1
github.com/user/library-api/internal/graphql/schema.resolvers.go:127.17,129.4 1 1
github.com/user/library-api/internal/graphql/schema.resolvers.go:130.3,130.17 1 1
github.com/user/library-api/internal/graphql/schema.resolvers.go:130.17,132.4 1 1
github.com/user/library-api/internal/graphql/schema.resolvers.go:135.2,137.46 3 1
github.com/user/library-api/internal/graphql/schema.resolvers.go:137.46,139.8 2 1
github.com/user/library-api/internal/graphql/schema.resolvers.go:141.2,141.46 1 1
github.com/user/library-api/internal/graphql/schema.resolvers.go:141.46,143.8 2 1
github.com/user/library-api/internal/graphql/schema.resolvers.go:146.2,147.30 2 1
github.com/user/library-api/internal/graphql/schema.resolvers.go:147.30,149.3 1 1
github.com/user/library-api/internal/graphql/schema.resolvers.go:151.2,162.16 2 1
github.com/user/library-api/internal/graphql/schema.resolvers.go:162.16,164.3 1 0
github.com/user/library-api/internal/graphql/schema.resolvers.go:166.2,171.8 2 1
github.com/user/library-api/internal/graphql/schema.resolvers.go:175.95,177.16 2 1
github.com/user/library-api/internal/graphql/schema.resolvers.go:177.16,179.3 1 1
github.com/user/library-api/internal/graphql/schema.resolvers.go:180.2,180.19 1 1
github.com/user/library-api/internal/graphql/schema.resolvers.go:180.19,182.3 1 1
github.com/user/library-api/internal/graphql/schema.resolvers.go:183.2,183.38 1 1
github.com/user/library-api/internal/graphql/schema.resolvers.go:187.98,189.24 2 1
github.com/user/library-api/internal/graphql/schema.resolvers.go:189.24,191.3 1 0
github.com/user/library-api/internal/graphql/schema.resolvers.go:193.2,204.16 2 1
github.com/user/library-api/internal/graphql/schema.resolvers.go:204.16,206.3 1 0
github.com/user/library-api/internal/graphql/schema.resolvers.go:208.2,208.35 1 1
github.com/user/library-api/internal/graphql/schema.resolvers.go:212.106,222.16 2 1
github.com/user/library-api/internal/graphql/schema.resolvers.go:222.16,224.3 1 0
github.com/user/library-api/internal/graphql/schema.resolvers.go:226.2,226.35 1 1
github.com/user/library-api/internal/graphql/schema.resolvers.go:230.82,232.16 2 1
github.com/user/library-api/internal/graphql/schema.resolvers.go:232.16,234.3 1 0
github.com/user/library-api/internal/graphql/schema.resolvers.go:235.2,235.18 1 1
github.com/user/library-api/internal/graphql/schema.resolvers.go:239.84,241.16 2 1
github.com/user/library-api/internal/graphql/schema.resolvers.go:241.16,243.3 1 0
github.com/user/library-api/internal/graphql/schema.resolvers.go:244.2,244.35 1 1
github.com/user/library-api/internal/graphql/schema.resolvers.go:248.104,253.16 2 1
github.com/user/library-api/internal/graphql/schema.resolvers.go:253.16,255.3 1 0
github.com/user/library-api/internal/graphql/schema.resolvers.go:256.2,256.39 1 1
github.com/user/library-api/internal/graphql/schema.resolvers.go:260.112,266.16 2 1
github.com/user/library-api/internal/graphql/schema.resolvers.go:266.16,268.3 1 0
github.com/user/library-api/internal/graphql/schema.resolvers.go:269.2,269.39 1 1
github.com/user/library-api/internal/graphql/schema.resolvers.go:273.84,275.16 2 1
github.com/user/library-api/internal/graphql/schema.resolvers.go:275.16,277.3 1 0
github.com/user/library-api/internal/graphql/schema.resolvers.go:278.2,278.18 1 1
github.com/user/library-api/internal/graphql/schema.resolvers.go:282.104,287.16 2 1
github.com/user/library-api/internal/graphql/schema.resolvers.go:287.16,289.3 1 0
github.com/user/library-api/internal/graphql/schema.resolvers.go:290.2,290.39 1 1
github.com/user/library-api/internal/graphql/schema.resolvers.go:294.112,300.16 2 1
github.com/user/library-api/internal/graphql/schema.resolvers.go:300.16,302.3 1 0
github.com/user/library-api/internal/graphql/schema.resolvers.go:303.2,303.39 1 1
github.com/user/library-api/internal/graphql/schema.resolvers.go:307.84,309.16 2 1
github.com/user/library-api/internal/graphql/schema.resolvers.go:309.16,311.3 1 0
github.com/user/library-api/internal/graphql/schema.resolvers.go:312.2,312.18 1 1
github.com/user/library-api/internal/graphql/schema.resolvers.go:316.126,322.16 2 1
github.com/user/library-api/internal/graphql/schema.resolvers.go:322.16,324.3 1 0
github.com/user/library-api/internal/graphql/schema.resolvers.go:326.2,327.16 2 1
github.com/user/library-api/internal/graphql/schema.resolvers.go:327.16,329.3 1 0
github.com/user/library-api/internal/graphql/schema.resolvers.go:331.2,332.16 2 1
github.com/user/library-api/internal/graphql/schema.resolvers.go:332.16,334.3 1 0
github.com/user/library-api/internal/graphql/schema.resolvers.go:336.2,340.8 1 1
github.com/user/library-api/internal/graphql/schema.resolvers.go:344.110,349.16 2 1
github.com/user/library-api/internal/graphql/schema.resolvers.go:349.16,351.3 1 0
github.com/user/library-api/internal/graphql/schema.resolvers.go:352.2,352.18 1 1
github.com/user/library-api/internal/graphql/schema.resolvers.go:356.86,358.16 2 1
github.com/user/library-api/internal/graphql/schema.resolvers.go:358.16,360.3 1 0
github.com/user/library-api/internal/graphql/schema.resolvers.go:361.2,361.33 1 1
github.com/user/library-api/internal/graphql/schema.resolvers.go:365.100,370.16 2 1
github.com/user/library-api/internal/graphql/schema.resolvers.go:370.16,372.3 1 0
github.com/user/library-api/internal/graphql/schema.resolvers.go:374.2,375.16 2 1
github.com/user/library-api/internal/graphql/schema.resolvers.go:375.16,377.3 1 0
github.com/user/library-api/internal/graphql/schema.resolvers.go:378.2,378.35 1 1
github.com/user/library-api/internal/graphql/schema.resolvers.go:382.105,387.16 2 1
github.com/user/library-api/internal/graphql/schema.resolvers.go:387.16,389.3 1 0
github.com/user/library-api/internal/graphql/schema.resolvers.go:391.2,392.16 2 1
github.com/user/library-api/internal/graphql/schema.resolvers.go:392.16,394.3 1 0
github.com/user/library-api/internal/graphql/schema.resolvers.go:395.2,395.35 1 1
github.com/user/library-api/internal/graphql/schema.resolvers.go:399.109,404.16 2 1
github.com/user/library-api/internal/graphql/schema.resolvers.go:404.16,406.3 1 1
github.com/user/library-api/internal/graphql/schema.resolvers.go:408.2,409.28 2 1
github.com/user/library-api/internal/graphql/schema.resolvers.go:409.28,411.3 1 1
github.com/user/library-api/internal/graphql/schema.resolvers.go:412.2,412.19 1 1
github.com/user/library-api/internal/graphql/schema.resolvers.go:416.74,418.16 2 1
github.com/user/library-api/internal/graphql/schema.resolvers.go:418.16,420.3 1 1
github.com/user/library-api/internal/graphql/schema.resolvers.go:421.2,421.35 1 1
github.com/user/library-api/internal/graphql/schema.resolvers.go:425.73,427.16 2 1
github.com/user/library-api/internal/graphql/schema.resolvers.go:427.16,429.3 1 0
github.com/user/library-api/internal/graphql/schema.resolvers.go:431.2,432.30 2 1
github.com/user/library-api/internal/graphql/schema.resolvers.go:432.30,434.3 1 1
github.com/user/library-api/internal/graphql/schema.resolvers.go:435.2,435.21 1 1
github.com/user/library-api/internal/graphql/schema.resolvers.go:439.78,441.16 2 1
github.com/user/library-api/internal/graphql/schema.resolvers.go:441.16,443.3 1 1
github.com/user/library-api/internal/graphql/schema.resolvers.go:444.2,444.39 1 1
github.com/user/library-api/internal/graphql/schema.resolvers.go:448.72,450.16 2 1
github.com/user/library-api/internal/graphql/schema.resolvers.go:450.16,452.3 1 0
github.com/user/library-api/internal/graphql/schema.resolvers.go:454.2,455.29 2 1
github.com/user/library-api/internal/graphql/schema.resolvers.go:455.29,457.3 1 1
github.com/user/library-api/internal/graphql/schema.resolvers.go:458.2,458.20 1 1
github.com/user/library-api/internal/graphql/schema.resolvers.go:462.82,464.16 2 1
github.com/user/library-api/internal/graphql/schema.resolvers.go:464.16,466.3 1 1
github.com/user/library-api/internal/graphql/schema.resolvers.go:467.2,467.39 1 1
github.com/user/library-api/internal/graphql/schema.resolvers.go:471.96,473.16 2 1
github.com/user/library-api/internal/graphql/schema.resolvers.go:473.16,475.3 1 0
github.com/user/library-api/internal/graphql/schema.resolvers.go:477.2,478.28 2 1
github.com/user/library-api/internal/graphql/schema.resolvers.go:478.28,480.3 1 1
github.com/user/library-api/internal/graphql/schema.resolvers.go:481.2,481.19 1 1
github.com/user/library-api/internal/graphql/schema.resolvers.go:485.108,487.18 2 0
github.com/user/library-api/internal/graphql/schema.resolvers.go:487.18,489.3 1 0
github.com/user/library-api/internal/graphql/schema.resolvers.go:491.2,492.16 2 0
github.com/user/library-api/internal/graphql/schema.resolvers.go:492.16,494.3 1 0
github.com/user/library-api/internal/graphql/schema.resolvers.go:496.2,497.16 2 0
github.com/user/library-api/internal/graphql/schema.resolvers.go:497.16,499.3 1 0
github.com/user/library-api/internal/graphql/schema.resolvers.go:501.2,502.32 2 0
github.com/user/library-api/internal/graphql/schema.resolvers.go:502.32,504.3 1 0
github.com/user/library-api/internal/graphql/schema.resolvers.go:505.2,505.21 1 0
github.com/user/library-api/internal/graphql/schema.resolvers.go:509.111,511.18 2 0
github.com/user/library-api/internal/graphql/schema.resolvers.go:511.18,513.3 1 0
github.com/user/library-api/internal/graphql/schema.resolvers.go:515.2,516.16 2 0
github.com/user/library-api/internal/graphql/schema.resolvers.go:516.16,518.3 1 0
github.com/user/library-api/internal/graphql/schema.resolvers.go:520.2,521.16 2 0
github.com/user/library-api/internal/graphql/schema.resolvers.go:521.16,523.3 1 0
github.com/user/library-api/internal/graphql/schema.resolvers.go:525.2,526.32 2 0
github.com/user/library-api/internal/graphql/schema.resolvers.go:526.32,528.3 1 0
github.com/user/library-api/internal/graphql/schema.resolvers.go:529.2,529.21 1 0
github.com/user/library-api/internal/graphql/schema.resolvers.go:533.115,535.18 2 0
github.com/user/library-api/internal/graphql/schema.resolvers.go:535.18,537.3 1 0
github.com/user/library-api/internal/graphql/schema.resolvers.go:539.2,540.16 2 0
github.com/user/library-api/internal/graphql/schema.resolvers.go:540.16,542.3 1 0
github.com/user/library-api/internal/graphql/schema.resolvers.go:544.2,545.32 2 0
github.com/user/library-api/internal/graphql/schema.resolvers.go:545.32,547.3 1 0
github.com/user/library-api/internal/graphql/schema.resolvers.go:548.2,548.21 1 0
github.com/user/library-api/internal/graphql/schema.resolvers.go:552.67,554.16 2 1
github.com/user/library-api/internal/graphql/schema.resolvers.go:554.16,556.3 1 0
github.com/user/library-api/internal/graphql/schema.resolvers.go:558.2,559.27 2 1
github.com/user/library-api/internal/graphql/schema.resolvers.go:559.27,561.3 1 1
github.com/user/library-api/internal/graphql/schema.resolvers.go:562.2,562.18 1 1
github.com/user/library-api/internal/graphql/schema.resolvers.go:565.45,570.25 2 1
github.com/user/library-api/internal/graphql/schema.resolvers.go:570.25,572.3 1 0
github.com/user/library-api/internal/graphql/schema.resolvers.go:573.2,573.15 1 1
github.com/user/library-api/internal/graphql/schema.resolvers.go:576.36,581.2 1 1
github.com/user/library-api/internal/graphql/schema.resolvers.go:583.59,587.29 2 0
github.com/user/library-api/internal/graphql/schema.resolvers.go:587.29,589.36 2 0
github.com/user/library-api/internal/graphql/schema.resolvers.go:589.36,591.4 1 0
github.com/user/library-api/internal/graphql/schema.resolvers.go:592.3,592.28 1 0
github.com/user/library-api/internal/graphql/schema.resolvers.go:594.2,594.23 1 0
github.com/user/library-api/internal/graphql/schema.resolvers.go:594.23,596.33 2 0
github.com/user/library-api/internal/graphql/schema.resolvers.go:596.33,598.4 1 0
github.com/user/library-api/internal/graphql/schema.resolvers.go:599.3,599.22 1 0
github.com/user/library-api/internal/graphql/schema.resolvers.go:601.2,601.30 1 0
github.com/user/library-api/internal/graphql/schema.resolvers.go:601.30,603.3 1 0
github.com/user/library-api/internal/graphql/schema.resolvers.go:604.2,604.23 1 0
github.com/user/library-api/internal/graphql/schema.resolvers.go:604.23,606.3 1 0
github.com/user/library-api/internal/graphql/schema.resolvers.go:607.2,607.19 1 0
github.com/user/library-api/internal/graphql/schema.resolvers.go:607.19,609.3 1 0
github.com/user/library-api/internal/graphql/schema.resolvers.go:610.2,610.15 1 0
github.com/user/library-api/internal/graphql/schema.resolvers.go:613.33,614.14 1 1
github.com/user/library-api/internal/graphql/schema.resolvers.go:614.14,616.3 1 1
github.com/user/library-api/internal/graphql/schema.resolvers.go:617.2,617.11 1 1
github.com/user/library-api/internal/graphql/schema.resolvers.go:620.30,621.14 1 1
github.com/user/library-api/internal/graphql/schema.resolvers.go:621.14,623.3 1 1
github.com/user/library-api/internal/graphql/schema.resolvers.go:624.2,624.11 1 1
github.com/user/library-api/internal/graphql/schema.resolvers.go:627.27,628.14 1 1
github.com/user/library-api/internal/graphql/schema.resolvers.go:628.14,630.3 1 1
github.com/user/library-api/internal/graphql/schema.resolvers.go:631.2,631.11 1 1
github.com/user/library-api/internal/graphql/schema.resolvers.go:634.45,635.14 1 1
github.com/user/library-api/internal/graphql/schema.resolvers.go:635.14,637.3 1 1
github.com/user/library-api/internal/graphql/schema.resolvers.go:638.2,638.43 1 0
github.com/user/library-api/internal/graphql/schema.resolvers.go:641.38,642.14 1 1
github.com/user/library-api/internal/graphql/schema.resolvers.go:642.14,644.3 1 1
github.com/user/library-api/internal/graphql/schema.resolvers.go:645.2,645.51 1 0
github.com/user/library-api/internal/graphql/schema.resolvers.go:649.48,649.79 1 1
github.com/user/library-api/internal/graphql/schema.resolvers.go:652.42,652.70 1 1
